#
# There is insufficient memory for the Java Runtime Environment to continue.
# Native memory allocation (mmap) failed to map 10485760 bytes. Error detail: G1 virtual space
# Possible reasons:
#   The system is out of physical RAM or swap space
#   This process is running with CompressedOops enabled, and the Java Heap may be blocking the growth of the native heap
# Possible solutions:
#   Reduce memory load on the system
#   Increase physical memory or swap space
#   Check if swap backing store is full
#   Decrease Java heap size (-Xmx/-Xms)
#   Decrease number of Java threads
#   Decrease Java thread stack sizes (-Xss)
#   Set larger code cache with -XX:ReservedCodeCacheSize=
#   JVM is running with Unscaled Compressed Oops mode in which the Java heap is
#     placed in the first 4GB address space. The Java Heap base address is the
#     maximum limit for the native heap growth. Please use -XX:HeapBaseMinAddress
#     to set the Java Heap base and to place the Java Heap above 4GB virtual address.
# This output file may be truncated or incomplete.
#
#  Out of Memory Error (os_windows.cpp:3713), pid=8800, tid=30848
#
# JRE version: OpenJDK Runtime Environment (Alibaba Dragonwell Standard Edition)-21.0.9.0.9+10-GA (21.0.9) (build 21.0.9.0.9)
# Java VM: OpenJDK 64-Bit Server VM (Alibaba Dragonwell Standard Edition)-21.0.9.0.9+10-GA (21.0.9.0.9, mixed mode, sharing, tiered, compressed oops, compressed class ptrs, g1 gc, windows-amd64)
# No core dump will be written. Minidumps are not enabled by default on client versions of Windows
#

---------------  S U M M A R Y ------------

Command Line: --add-opens=java.base/java.lang=ALL-UNNAMED --add-opens=java.base/java.lang.invoke=ALL-UNNAMED --add-opens=java.base/java.util=ALL-UNNAMED --add-opens=java.prefs/java.util.prefs=ALL-UNNAMED --add-exports=jdk.compiler/com.sun.tools.javac.api=ALL-UNNAMED --add-exports=jdk.compiler/com.sun.tools.javac.util=ALL-UNNAMED --add-opens=java.base/java.util=ALL-UNNAMED --add-opens=java.prefs/java.util.prefs=ALL-UNNAMED --add-opens=java.base/java.nio.charset=ALL-UNNAMED --add-opens=java.base/java.net=ALL-UNNAMED --add-opens=java.base/java.util.concurrent=ALL-UNNAMED --add-opens=java.base/java.util.concurrent.atomic=ALL-UNNAMED --add-opens=java.xml/javax.xml.namespace=ALL-UNNAMED --add-opens=java.base/java.time=ALL-UNNAMED -Xmx2048m -Dfile.encoding=UTF-8 -Duser.country=US -Duser.language=en -Duser.variant -javaagent:C:\Users\dato\.gradle\wrapper\dists\gradle-9.2.1-bin\2t0n5ozlw9xmuyvbp7dnzaxug\gradle-9.2.1\lib\agents\gradle-instrumentation-agent-9.2.1.jar org.gradle.launcher.daemon.bootstrap.GradleDaemon 9.2.1

Host: AMD Ryzen 3 7320U with Radeon Graphics         , 8 cores, 5G,  Windows 11 , 64 bit Build 26100 (10.0.26100.7877)
Time: Mon Feb 23 20:34:03 2026 Georgian Standard Time elapsed time: 14.515637 seconds (0d 0h 0m 14s)

---------------  T H R E A D  ---------------

Current thread (0x000001ab2573aa40):  VMThread "VM Thread"          [id=30848, stack(0x0000002d60a00000,0x0000002d60b00000) (1024K)]

Stack: [0x0000002d60a00000,0x0000002d60b00000]
Native frames: (J=compiled Java code, j=interpreted, Vv=VM code, C=native code)
V  [jvm.dll+0x6d2af9]
V  [jvm.dll+0x8aec61]
V  [jvm.dll+0x8b123e]
V  [jvm.dll+0x8b1923]
V  [jvm.dll+0x281136]
V  [jvm.dll+0x6cf2c5]
V  [jvm.dll+0x6c312a]
V  [jvm.dll+0x358b7a]
V  [jvm.dll+0x360766]
V  [jvm.dll+0x3b25ce]
V  [jvm.dll+0x3b2878]
V  [jvm.dll+0x32cd7c]
V  [jvm.dll+0x32f5c6]
V  [jvm.dll+0x339738]
V  [jvm.dll+0x36ed3f]
V  [jvm.dll+0x8b763f]
V  [jvm.dll+0x8b89c4]
V  [jvm.dll+0x8b8f00]
V  [jvm.dll+0x8b91a3]
V  [jvm.dll+0x8585eb]
V  [jvm.dll+0x6d11bd]
C  [ucrtbase.dll+0x37b0]
C  [KERNEL32.DLL+0x2e8d7]
C  [ntdll.dll+0x8c48c]

VM_Operation (0x0000002d605ffa20): G1PauseRemark, mode: safepoint, requested by thread 0x000001ab08566670


---------------  P R O C E S S  ---------------

Threads class SMR info:
_java_thread_list=0x000001ab6e806a00, length=57, elements={
0x000001ab084fc690, 0x000001ab2574f160, 0x000001ab25750530, 0x000001ab25756d40,
0x000001ab257573a0, 0x000001ab2575e590, 0x000001ab25a92c00, 0x000001ab25a9e250,
0x000001ab25aad150, 0x000001ab25c7c680, 0x000001ab25d260c0, 0x000001ab6c5f1df0,
0x000001ab6c64e5a0, 0x000001ab6c803600, 0x000001ab6c690ad0, 0x000001ab6c6916d0,
0x000001ab6c893990, 0x000001ab6c890180, 0x000001ab6c89e760, 0x000001ab6c7075e0,
0x000001ab6c706f50, 0x000001ab6c708300, 0x000001ab6c705ba0, 0x000001ab6c706230,
0x000001ab6c705510, 0x000001ab6c7068c0, 0x000001ab6c707c70, 0x000001ab6c704e80,
0x000001ab6e548680, 0x000001ab6e548d10, 0x000001ab6e5493a0, 0x000001ab6e547960,
0x000001ab6e5465b0, 0x000001ab6e547ff0, 0x000001ab6e54a0c0, 0x000001ab6f9fd470,
0x000001ab6e54ade0, 0x000001ab6e54b470, 0x000001ab6e54c190, 0x000001ab6e54bb00,
0x000001ab6e54ceb0, 0x000001ab6e54d540, 0x000001ab6d3d8690, 0x000001ab6d3d8d20,
0x000001ab6d3d93b0, 0x000001ab6d3d9a40, 0x000001ab6d3d6c50, 0x000001ab6d3d72e0,
0x000001ab6d3d65c0, 0x000001ab6d3da0d0, 0x000001ab6d3da760, 0x000001ab6d3dadf0,
0x000001ab6d3d7970, 0x000001ab6d3db480, 0x000001ab6d3d8000, 0x000001ab6d3dbb10,
0x000001ab6d3dd550
}

Java Threads: ( => current thread )
  0x000001ab084fc690 JavaThread "main"                              [_thread_blocked, id=33660, stack(0x0000002d60300000,0x0000002d60400000) (1024K)]
  0x000001ab2574f160 JavaThread "Reference Handler"          daemon [_thread_blocked, id=29100, stack(0x0000002d60b00000,0x0000002d60c00000) (1024K)]
  0x000001ab25750530 JavaThread "Finalizer"                  daemon [_thread_blocked, id=26484, stack(0x0000002d60c00000,0x0000002d60d00000) (1024K)]
  0x000001ab25756d40 JavaThread "Signal Dispatcher"          daemon [_thread_blocked, id=34476, stack(0x0000002d60d00000,0x0000002d60e00000) (1024K)]
  0x000001ab257573a0 JavaThread "Attach Listener"            daemon [_thread_blocked, id=38544, stack(0x0000002d60e00000,0x0000002d60f00000) (1024K)]
  0x000001ab2575e590 JavaThread "Service Thread"             daemon [_thread_blocked, id=26472, stack(0x0000002d60f00000,0x0000002d61000000) (1024K)]
  0x000001ab25a92c00 JavaThread "Monitor Deflation Thread"   daemon [_thread_blocked, id=23532, stack(0x0000002d61000000,0x0000002d61100000) (1024K)]
  0x000001ab25a9e250 JavaThread "C2 CompilerThread0"         daemon [_thread_blocked, id=23376, stack(0x0000002d61100000,0x0000002d61200000) (1024K)]
  0x000001ab25aad150 JavaThread "C1 CompilerThread0"         daemon [_thread_blocked, id=31416, stack(0x0000002d61200000,0x0000002d61300000) (1024K)]
  0x000001ab25c7c680 JavaThread "Common-Cleaner"             daemon [_thread_blocked, id=38524, stack(0x0000002d61400000,0x0000002d61500000) (1024K)]
  0x000001ab25d260c0 JavaThread "Notification Thread"        daemon [_thread_blocked, id=28152, stack(0x0000002d61500000,0x0000002d61600000) (1024K)]
  0x000001ab6c5f1df0 JavaThread "Daemon health stats"               [_thread_blocked, id=25640, stack(0x0000002d61b00000,0x0000002d61c00000) (1024K)]
  0x000001ab6c64e5a0 JavaThread "Incoming local TCP Connector on port 51616"        [_thread_in_native, id=532, stack(0x0000002d61300000,0x0000002d61400000) (1024K)]
  0x000001ab6c803600 JavaThread "Daemon periodic checks"            [_thread_blocked, id=25036, stack(0x0000002d61c00000,0x0000002d61d00000) (1024K)]
  0x000001ab6c690ad0 JavaThread "Daemon"                            [_thread_blocked, id=24952, stack(0x0000002d61d00000,0x0000002d61e00000) (1024K)]
  0x000001ab6c6916d0 JavaThread "Handler for socket connection from /127.0.0.1:51616 to /127.0.0.1:51617"        [_thread_in_native, id=22472, stack(0x0000002d61e00000,0x0000002d61f00000) (1024K)]
  0x000001ab6c893990 JavaThread "Cancel handler"                    [_thread_blocked, id=20172, stack(0x0000002d61f00000,0x0000002d62000000) (1024K)]
  0x000001ab6c890180 JavaThread "Daemon worker"                     [_thread_blocked, id=31328, stack(0x0000002d62000000,0x0000002d62100000) (1024K)]
  0x000001ab6c89e760 JavaThread "Asynchronous log dispatcher for DefaultDaemonConnection: socket connection from /127.0.0.1:51616 to /127.0.0.1:51617"        [_thread_blocked, id=28264, stack(0x0000002d62100000,0x0000002d62200000) (1024K)]
  0x000001ab6c7075e0 JavaThread "Stdin handler"                     [_thread_blocked, id=39416, stack(0x0000002d62200000,0x0000002d62300000) (1024K)]
  0x000001ab6c706f50 JavaThread "Daemon client event forwarder"        [_thread_blocked, id=24668, stack(0x0000002d62300000,0x0000002d62400000) (1024K)]
  0x000001ab6c708300 JavaThread "Cache worker for journal cache (C:\Users\dato\.gradle\caches\journal-1)"        [_thread_blocked, id=31876, stack(0x0000002d62400000,0x0000002d62500000) (1024K)]
  0x000001ab6c705ba0 JavaThread "File lock request listener"        [_thread_in_native, id=23512, stack(0x0000002d62500000,0x0000002d62600000) (1024K)]
  0x000001ab6c706230 JavaThread "Cache worker for file hash cache (C:\Users\dato\.gradle\caches\9.2.1\fileHashes)"        [_thread_blocked, id=36052, stack(0x0000002d62700000,0x0000002d62800000) (1024K)]
  0x000001ab6c705510 JavaThread "Cache worker for file hash cache (C:\Users\dato\AndroidStudioProjects\bountu\.gradle\9.2.1\fileHashes)"        [_thread_blocked, id=36508, stack(0x0000002d62c00000,0x0000002d62d00000) (1024K)]
  0x000001ab6c7068c0 JavaThread "Cache worker for Build Output Cleanup Cache (C:\Users\dato\AndroidStudioProjects\bountu\.gradle\buildOutputCleanup)"        [_thread_blocked, id=31264, stack(0x0000002d62d00000,0x0000002d62e00000) (1024K)]
  0x000001ab6c707c70 JavaThread "File watcher server"        daemon [_thread_in_native, id=38240, stack(0x0000002d62e00000,0x0000002d62f00000) (1024K)]
  0x000001ab6c704e80 JavaThread "File watcher consumer"      daemon [_thread_blocked, id=31284, stack(0x0000002d62f00000,0x0000002d63000000) (1024K)]
  0x000001ab6e548680 JavaThread "Cache worker for checksums cache (C:\Users\dato\AndroidStudioProjects\bountu\.gradle\9.2.1\checksums)"        [_thread_blocked, id=5640, stack(0x0000002d62b00000,0x0000002d62c00000) (1024K)]
  0x000001ab6e548d10 JavaThread "Cache worker for file content cache (C:\Users\dato\.gradle\caches\9.2.1\fileContent)"        [_thread_blocked, id=21824, stack(0x0000002d62600000,0x0000002d62700000) (1024K)]
  0x000001ab6e5493a0 JavaThread "Cache worker for cache directory md-supplier (C:\Users\dato\.gradle\caches\9.2.1\md-supplier)"        [_thread_blocked, id=30408, stack(0x0000002d63100000,0x0000002d63200000) (1024K)]
  0x000001ab6e547960 JavaThread "Cache worker for cache directory md-rule (C:\Users\dato\.gradle\caches\9.2.1\md-rule)"        [_thread_blocked, id=33348, stack(0x0000002d63200000,0x0000002d63300000) (1024K)]
  0x000001ab6e5465b0 JavaThread "Unconstrained build operations"        [_thread_blocked, id=1680, stack(0x0000002d63000000,0x0000002d63100000) (1024K)]
  0x000001ab6e547ff0 JavaThread "Unconstrained build operations Thread 2"        [_thread_blocked, id=40656, stack(0x0000002d63300000,0x0000002d63400000) (1024K)]
  0x000001ab6e54a0c0 JavaThread "Unconstrained build operations Thread 3"        [_thread_blocked, id=16628, stack(0x0000002d63400000,0x0000002d63500000) (1024K)]
  0x000001ab6f9fd470 JavaThread "C2 CompilerThread1"         daemon [_thread_blocked, id=24856, stack(0x0000002d63500000,0x0000002d63600000) (1024K)]
  0x000001ab6e54ade0 JavaThread "Unconstrained build operations Thread 4"        [_thread_blocked, id=37728, stack(0x0000002d63600000,0x0000002d63700000) (1024K)]
  0x000001ab6e54b470 JavaThread "Unconstrained build operations Thread 5"        [_thread_blocked, id=39452, stack(0x0000002d63700000,0x0000002d63800000) (1024K)]
  0x000001ab6e54c190 JavaThread "Unconstrained build operations Thread 6"        [_thread_blocked, id=19880, stack(0x0000002d63800000,0x0000002d63900000) (1024K)]
  0x000001ab6e54bb00 JavaThread "Unconstrained build operations Thread 7"        [_thread_blocked, id=17372, stack(0x0000002d63900000,0x0000002d63a00000) (1024K)]
  0x000001ab6e54ceb0 JavaThread "Unconstrained build operations Thread 8"        [_thread_blocked, id=40264, stack(0x0000002d63a00000,0x0000002d63b00000) (1024K)]
  0x000001ab6e54d540 JavaThread "Unconstrained build operations Thread 9"        [_thread_blocked, id=40492, stack(0x0000002d63b00000,0x0000002d63c00000) (1024K)]
  0x000001ab6d3d8690 JavaThread "Unconstrained build operations Thread 10"        [_thread_blocked, id=5348, stack(0x0000002d63c00000,0x0000002d63d00000) (1024K)]
  0x000001ab6d3d8d20 JavaThread "Unconstrained build operations Thread 11"        [_thread_blocked, id=30436, stack(0x0000002d63d00000,0x0000002d63e00000) (1024K)]
  0x000001ab6d3d93b0 JavaThread "Unconstrained build operations Thread 12"        [_thread_blocked, id=25588, stack(0x0000002d63e00000,0x0000002d63f00000) (1024K)]
  0x000001ab6d3d9a40 JavaThread "Unconstrained build operations Thread 13"        [_thread_blocked, id=40760, stack(0x0000002d63f00000,0x0000002d64000000) (1024K)]
  0x000001ab6d3d6c50 JavaThread "Unconstrained build operations Thread 14"        [_thread_blocked, id=26252, stack(0x0000002d64000000,0x0000002d64100000) (1024K)]
  0x000001ab6d3d72e0 JavaThread "Unconstrained build operations Thread 15"        [_thread_blocked, id=24692, stack(0x0000002d64100000,0x0000002d64200000) (1024K)]
  0x000001ab6d3d65c0 JavaThread "Unconstrained build operations Thread 16"        [_thread_blocked, id=20740, stack(0x0000002d64200000,0x0000002d64300000) (1024K)]
  0x000001ab6d3da0d0 JavaThread "Unconstrained build operations Thread 17"        [_thread_blocked, id=9736, stack(0x0000002d64300000,0x0000002d64400000) (1024K)]
  0x000001ab6d3da760 JavaThread "Unconstrained build operations Thread 18"        [_thread_blocked, id=33788, stack(0x0000002d64400000,0x0000002d64500000) (1024K)]
  0x000001ab6d3dadf0 JavaThread "Unconstrained build operations Thread 19"        [_thread_blocked, id=39572, stack(0x0000002d64500000,0x0000002d64600000) (1024K)]
  0x000001ab6d3d7970 JavaThread "Unconstrained build operations Thread 20"        [_thread_blocked, id=6452, stack(0x0000002d64600000,0x0000002d64700000) (1024K)]
  0x000001ab6d3db480 JavaThread "Unconstrained build operations Thread 21"        [_thread_blocked, id=28596, stack(0x0000002d64700000,0x0000002d64800000) (1024K)]
  0x000001ab6d3d8000 JavaThread "Unconstrained build operations Thread 22"        [_thread_blocked, id=24304, stack(0x0000002d64800000,0x0000002d64900000) (1024K)]
  0x000001ab6d3dbb10 JavaThread "Unconstrained build operations Thread 23"        [_thread_blocked, id=36532, stack(0x0000002d64900000,0x0000002d64a00000) (1024K)]
  0x000001ab6d3dd550 JavaThread "Unconstrained build operations Thread 24"        [_thread_blocked, id=40364, stack(0x0000002d64a00000,0x0000002d64b00000) (1024K)]
Total: 57

Other Threads:
=>0x000001ab2573aa40 VMThread "VM Thread"                           [id=30848, stack(0x0000002d60a00000,0x0000002d60b00000) (1024K)]
  0x000001ab25726fa0 WatcherThread "VM Periodic Task Thread"        [id=32548, stack(0x0000002d60900000,0x0000002d60a00000) (1024K)]
  0x000001ab085558e0 WorkerThread "GC Thread#0"                     [id=14080, stack(0x0000002d60400000,0x0000002d60500000) (1024K)]
  0x000001ab6b09fe70 WorkerThread "GC Thread#1"                     [id=22084, stack(0x0000002d61600000,0x0000002d61700000) (1024K)]
  0x000001ab25e8cb80 WorkerThread "GC Thread#2"                     [id=24460, stack(0x0000002d61700000,0x0000002d61800000) (1024K)]
  0x000001ab25e8cf20 WorkerThread "GC Thread#3"                     [id=40832, stack(0x0000002d61800000,0x0000002d61900000) (1024K)]
  0x000001ab6b995d70 WorkerThread "GC Thread#4"                     [id=32992, stack(0x0000002d61a00000,0x0000002d61b00000) (1024K)]
  0x000001ab6c56d5f0 WorkerThread "GC Thread#5"                     [id=27632, stack(0x0000002d61900000,0x0000002d61a00000) (1024K)]
  0x000001ab6c91e700 WorkerThread "GC Thread#6"                     [id=19804, stack(0x0000002d62800000,0x0000002d62900000) (1024K)]
  0x000001ab6d6221b0 WorkerThread "GC Thread#7"                     [id=19432, stack(0x0000002d62900000,0x0000002d62a00000) (1024K)]
  0x000001ab08566670 ConcurrentGCThread "G1 Main Marker"            [id=28004, stack(0x0000002d60500000,0x0000002d60600000) (1024K)]
  0x000001ab08567f70 WorkerThread "G1 Conc#0"                       [id=25684, stack(0x0000002d60600000,0x0000002d60700000) (1024K)]
  0x000001ab6d668f30 WorkerThread "G1 Conc#1"                       [id=22880, stack(0x0000002d62a00000,0x0000002d62b00000) (1024K)]
  0x000001ab255f9fa0 ConcurrentGCThread "G1 Refine#0"               [id=31960, stack(0x0000002d60700000,0x0000002d60800000) (1024K)]
  0x000001ab255fa4d0 ConcurrentGCThread "G1 Service"                [id=39308, stack(0x0000002d60800000,0x0000002d60900000) (1024K)]
Total: 15

Threads with active compile tasks:
C2 CompilerThread0  14582 8305 %     4       java.util.zip.ZipFile$Source::initCEN @ 261 (612 bytes)
Total: 1

VM state: at safepoint (normal execution)

VM Mutex/Monitor currently owned by a thread:  ([mutex/lock_event])
[0x00007ffe86ea6550] Threads_lock - owner thread: 0x000001ab2573aa40
[0x00007ffe86ea6650] Heap_lock - owner thread: 0x000001ab08566670

Heap address: 0x0000000080000000, size: 2048 MB, Compressed Oops mode: 32-bit

CDS archive(s) mapped at: [0x000001ab26000000-0x000001ab26c80000-0x000001ab26c80000), size 13107200, SharedBaseAddress: 0x000001ab26000000, ArchiveRelocationMode: 1.
Compressed class space mapped at: 0x000001ab27000000-0x000001ab67000000, reserved size: 1073741824
Narrow klass base: 0x000001ab26000000, Narrow klass shift: 0, Narrow klass range: 0x100000000

GC Precious Log:
 CardTable entry size: 512
 Card Set container configuration: InlinePtr #cards 5 size 8 Array Of Cards #cards 12 size 40 Howl #buckets 4 coarsen threshold 1843 Howl Bitmap #cards 512 size 80 coarsen threshold 460 Card regions per heap region 1 cards per card region 2048
 CPUs: 8 total, 8 available
 Memory: 5965M
 Large Page Support: Disabled
 NUMA Support: Disabled
 Compressed Oops: Enabled (32-bit)
 Heap Region Size: 1M
 Heap Min Capacity: 8M
 Heap Initial Capacity: 94M
 Heap Max Capacity: 2G
 Pre-touch: Disabled
 Parallel Workers: 8
 Concurrent Workers: 2
 Concurrent Refinement Workers: 8
 Periodic GC: Disabled

Heap:
 garbage-first heap   total 89088K, used 61614K [0x0000000080000000, 0x0000000100000000)
  region size 1024K, 3 young (3072K), 1 survivors (1024K)
 Metaspace       used 55267K, committed 57152K, reserved 1114112K
  class space    used 8000K, committed 8960K, reserved 1048576K

Heap Regions: E=young(eden), S=young(survivor), O=old, HS=humongous(starts), HC=humongous(continues), CS=collection set, F=free, TAMS=top-at-mark-start, PB=parsable bottom
|   0|0x0000000080000000, 0x0000000080100000, 0x0000000080100000|100%|HS|  |TAMS 0x0000000080100000| PB 0x0000000080000000| Complete 
|   1|0x0000000080100000, 0x0000000080200000, 0x0000000080200000|100%|HC|  |TAMS 0x0000000080200000| PB 0x0000000080100000| Complete 
|   2|0x0000000080200000, 0x0000000080300000, 0x0000000080300000|100%|HC|  |TAMS 0x0000000080300000| PB 0x0000000080200000| Complete 
|   3|0x0000000080300000, 0x0000000080400000, 0x0000000080400000|100%|HC|  |TAMS 0x0000000080400000| PB 0x0000000080300000| Complete 
|   4|0x0000000080400000, 0x0000000080500000, 0x0000000080500000|100%| O|  |TAMS 0x0000000080500000| PB 0x0000000080500000| Untracked 
|   5|0x0000000080500000, 0x0000000080600000, 0x0000000080600000|100%| O|  |TAMS 0x0000000080600000| PB 0x0000000080600000| Untracked 
|   6|0x0000000080600000, 0x0000000080700000, 0x0000000080700000|100%| O|  |TAMS 0x0000000080700000| PB 0x0000000080700000| Untracked 
|   7|0x0000000080700000, 0x0000000080800000, 0x0000000080800000|100%|HS|  |TAMS 0x0000000080800000| PB 0x0000000080700000| Complete 
|   8|0x0000000080800000, 0x0000000080900000, 0x0000000080900000|100%| O|  |TAMS 0x0000000080900000| PB 0x0000000080900000| Untracked 
|   9|0x0000000080900000, 0x0000000080a00000, 0x0000000080a00000|100%| O|  |TAMS 0x0000000080a00000| PB 0x0000000080a00000| Untracked 
|  10|0x0000000080a00000, 0x0000000080b00000, 0x0000000080b00000|100%| O|  |TAMS 0x0000000080b00000| PB 0x0000000080b00000| Untracked 
|  11|0x0000000080b00000, 0x0000000080c00000, 0x0000000080c00000|100%| O|  |TAMS 0x0000000080c00000| PB 0x0000000080c00000| Untracked 
|  12|0x0000000080c00000, 0x0000000080d00000, 0x0000000080d00000|100%| O|  |TAMS 0x0000000080d00000| PB 0x0000000080d00000| Untracked 
|  13|0x0000000080d00000, 0x0000000080e00000, 0x0000000080e00000|100%| O|  |TAMS 0x0000000080e00000| PB 0x0000000080e00000| Untracked 
|  14|0x0000000080e00000, 0x0000000080f00000, 0x0000000080f00000|100%| O|  |TAMS 0x0000000080f00000| PB 0x0000000080f00000| Untracked 
|  15|0x0000000080f00000, 0x0000000081000000, 0x0000000081000000|100%| O|  |TAMS 0x0000000081000000| PB 0x0000000081000000| Untracked 
|  16|0x0000000081000000, 0x0000000081100000, 0x0000000081100000|100%| O|  |TAMS 0x0000000081100000| PB 0x0000000081100000| Untracked 
|  17|0x0000000081100000, 0x0000000081200000, 0x0000000081200000|100%| O|  |TAMS 0x0000000081200000| PB 0x0000000081200000| Untracked 
|  18|0x0000000081200000, 0x0000000081300000, 0x0000000081300000|100%| O|  |TAMS 0x0000000081300000| PB 0x0000000081300000| Untracked 
|  19|0x0000000081300000, 0x0000000081400000, 0x0000000081400000|100%| O|  |TAMS 0x0000000081400000| PB 0x0000000081400000| Untracked 
|  20|0x0000000081400000, 0x0000000081500000, 0x0000000081500000|100%| O|  |TAMS 0x0000000081500000| PB 0x0000000081500000| Untracked 
|  21|0x0000000081500000, 0x0000000081600000, 0x0000000081600000|100%| O|  |TAMS 0x0000000081600000| PB 0x0000000081600000| Untracked 
|  22|0x0000000081600000, 0x0000000081700000, 0x0000000081700000|100%| O|  |TAMS 0x0000000081700000| PB 0x0000000081700000| Untracked 
|  23|0x0000000081700000, 0x0000000081800000, 0x0000000081800000|100%| O|  |TAMS 0x0000000081800000| PB 0x0000000081800000| Updating 
|  24|0x0000000081800000, 0x0000000081900000, 0x0000000081900000|100%| O|  |TAMS 0x0000000081900000| PB 0x0000000081900000| Updating 
|  25|0x0000000081900000, 0x0000000081a00000, 0x0000000081a00000|100%| O|  |TAMS 0x0000000081a00000| PB 0x0000000081a00000| Untracked 
|  26|0x0000000081a00000, 0x0000000081b00000, 0x0000000081b00000|100%| O|  |TAMS 0x0000000081b00000| PB 0x0000000081b00000| Updating 
|  27|0x0000000081b00000, 0x0000000081c00000, 0x0000000081c00000|100%| O|  |TAMS 0x0000000081c00000| PB 0x0000000081c00000| Untracked 
|  28|0x0000000081c00000, 0x0000000081d00000, 0x0000000081d00000|100%| O|  |TAMS 0x0000000081d00000| PB 0x0000000081d00000| Untracked 
|  29|0x0000000081d00000, 0x0000000081e00000, 0x0000000081e00000|100%| O|  |TAMS 0x0000000081e00000| PB 0x0000000081e00000| Untracked 
|  30|0x0000000081e00000, 0x0000000081f00000, 0x0000000081f00000|100%| O|  |TAMS 0x0000000081f00000| PB 0x0000000081f00000| Updating 
|  31|0x0000000081f00000, 0x0000000082000000, 0x0000000082000000|100%| O|  |TAMS 0x0000000081f00000| PB 0x0000000081f00000| Untracked 
|  32|0x0000000082000000, 0x0000000082100000, 0x0000000082100000|100%| O|  |TAMS 0x0000000082100000| PB 0x0000000082100000| Untracked 
|  33|0x0000000082100000, 0x0000000082200000, 0x0000000082200000|100%| O|  |TAMS 0x0000000082200000| PB 0x0000000082200000| Updating 
|  34|0x0000000082200000, 0x0000000082300000, 0x0000000082300000|100%| O|  |TAMS 0x0000000082300000| PB 0x0000000082300000| Updating 
|  35|0x0000000082300000, 0x0000000082400000, 0x0000000082400000|100%| O|  |TAMS 0x0000000082400000| PB 0x0000000082400000| Updating 
|  36|0x0000000082400000, 0x0000000082500000, 0x0000000082500000|100%| O|  |TAMS 0x0000000082500000| PB 0x0000000082500000| Updating 
|  37|0x0000000082500000, 0x0000000082600000, 0x0000000082600000|100%| O|  |TAMS 0x0000000082600000| PB 0x0000000082600000| Updating 
|  38|0x0000000082600000, 0x0000000082700000, 0x0000000082700000|100%| O|  |TAMS 0x0000000082700000| PB 0x0000000082700000| Updating 
|  39|0x0000000082700000, 0x0000000082800000, 0x0000000082800000|100%| O|  |TAMS 0x0000000082800000| PB 0x0000000082800000| Updating 
|  40|0x0000000082800000, 0x0000000082900000, 0x0000000082900000|100%| O|  |TAMS 0x0000000082900000| PB 0x0000000082900000| Untracked 
|  41|0x0000000082900000, 0x0000000082a00000, 0x0000000082a00000|100%| O|  |TAMS 0x0000000082a00000| PB 0x0000000082a00000| Untracked 
|  42|0x0000000082a00000, 0x0000000082b00000, 0x0000000082b00000|100%| O|  |TAMS 0x0000000082b00000| PB 0x0000000082b00000| Untracked 
|  43|0x0000000082b00000, 0x0000000082c00000, 0x0000000082c00000|100%| O|  |TAMS 0x0000000082c00000| PB 0x0000000082c00000| Untracked 
|  44|0x0000000082c00000, 0x0000000082d00000, 0x0000000082d00000|100%| O|  |TAMS 0x0000000082c00000| PB 0x0000000082c00000| Untracked 
|  45|0x0000000082d00000, 0x0000000082e00000, 0x0000000082e00000|100%| O|  |TAMS 0x0000000082e00000| PB 0x0000000082e00000| Updating 
|  46|0x0000000082e00000, 0x0000000082f00000, 0x0000000082f00000|100%|HS|  |TAMS 0x0000000082f00000| PB 0x0000000082e00000| Complete 
|  47|0x0000000082f00000, 0x0000000083000000, 0x0000000083000000|100%|HS|  |TAMS 0x0000000083000000| PB 0x0000000082f00000| Complete 
|  48|0x0000000083000000, 0x0000000083100000, 0x0000000083100000|100%| O|  |TAMS 0x0000000083100000| PB 0x0000000083100000| Untracked 
|  49|0x0000000083100000, 0x0000000083200000, 0x0000000083200000|100%| O|  |TAMS 0x0000000083100000| PB 0x0000000083100000| Untracked 
|  50|0x0000000083200000, 0x00000000832933c0, 0x0000000083300000| 57%| O|  |TAMS 0x0000000083200000| PB 0x0000000083200000| Updating 
|  51|0x0000000083300000, 0x0000000083400000, 0x0000000083400000|100%|HS|  |TAMS 0x0000000083300000| PB 0x0000000083300000| Complete 
|  52|0x0000000083400000, 0x0000000083500000, 0x0000000083500000|100%| O|  |TAMS 0x0000000083500000| PB 0x0000000083500000| Untracked 
|  53|0x0000000083500000, 0x0000000083600000, 0x0000000083600000|100%| O|  |TAMS 0x0000000083551750| PB 0x0000000083551750| Updating 
|  54|0x0000000083600000, 0x0000000083700000, 0x0000000083700000|100%|HS|  |TAMS 0x0000000083600000| PB 0x0000000083600000| Complete 
|  55|0x0000000083700000, 0x0000000083800000, 0x0000000083800000|100%|HC|  |TAMS 0x0000000083700000| PB 0x0000000083700000| Complete 
|  56|0x0000000083800000, 0x0000000083800000, 0x0000000083900000|  0%| F|  |TAMS 0x0000000083800000| PB 0x0000000083800000| Untracked 
|  57|0x0000000083900000, 0x0000000083900000, 0x0000000083a00000|  0%| F|  |TAMS 0x0000000083900000| PB 0x0000000083900000| Untracked 
|  58|0x0000000083a00000, 0x0000000083a00000, 0x0000000083b00000|  0%| F|  |TAMS 0x0000000083a00000| PB 0x0000000083a00000| Untracked 
|  59|0x0000000083b00000, 0x0000000083b00000, 0x0000000083c00000|  0%| F|  |TAMS 0x0000000083b00000| PB 0x0000000083b00000| Untracked 
|  60|0x0000000083c00000, 0x0000000083c00000, 0x0000000083d00000|  0%| F|  |TAMS 0x0000000083c00000| PB 0x0000000083c00000| Untracked 
|  61|0x0000000083d00000, 0x0000000083d00000, 0x0000000083e00000|  0%| F|  |TAMS 0x0000000083d00000| PB 0x0000000083d00000| Untracked 
|  62|0x0000000083e00000, 0x0000000083e00000, 0x0000000083f00000|  0%| F|  |TAMS 0x0000000083e00000| PB 0x0000000083e00000| Untracked 
|  63|0x0000000083f00000, 0x0000000083f00000, 0x0000000084000000|  0%| F|  |TAMS 0x0000000083f00000| PB 0x0000000083f00000| Untracked 
|  64|0x0000000084000000, 0x0000000084000000, 0x0000000084100000|  0%| F|  |TAMS 0x0000000084000000| PB 0x0000000084000000| Untracked 
|  65|0x0000000084100000, 0x0000000084100000, 0x0000000084200000|  0%| F|  |TAMS 0x0000000084100000| PB 0x0000000084100000| Untracked 
|  66|0x0000000084200000, 0x0000000084200000, 0x0000000084300000|  0%| F|  |TAMS 0x0000000084200000| PB 0x0000000084200000| Untracked 
|  67|0x0000000084300000, 0x0000000084300000, 0x0000000084400000|  0%| F|  |TAMS 0x0000000084300000| PB 0x0000000084300000| Untracked 
|  68|0x0000000084400000, 0x0000000084400000, 0x0000000084500000|  0%| F|  |TAMS 0x0000000084400000| PB 0x0000000084400000| Untracked 
|  69|0x0000000084500000, 0x0000000084500000, 0x0000000084600000|  0%| F|  |TAMS 0x0000000084500000| PB 0x0000000084500000| Untracked 
|  70|0x0000000084600000, 0x0000000084600000, 0x0000000084700000|  0%| F|  |TAMS 0x0000000084600000| PB 0x0000000084600000| Untracked 
|  71|0x0000000084700000, 0x0000000084700000, 0x0000000084800000|  0%| F|  |TAMS 0x0000000084700000| PB 0x0000000084700000| Untracked 
|  72|0x0000000084800000, 0x0000000084800000, 0x0000000084900000|  0%| F|  |TAMS 0x0000000084800000| PB 0x0000000084800000| Untracked 
|  73|0x0000000084900000, 0x0000000084900000, 0x0000000084a00000|  0%| F|  |TAMS 0x0000000084900000| PB 0x0000000084900000| Untracked 
|  74|0x0000000084a00000, 0x0000000084a00000, 0x0000000084b00000|  0%| F|  |TAMS 0x0000000084a00000| PB 0x0000000084a00000| Untracked 
|  75|0x0000000084b00000, 0x0000000084b00000, 0x0000000084c00000|  0%| F|  |TAMS 0x0000000084b00000| PB 0x0000000084b00000| Untracked 
|  76|0x0000000084c00000, 0x0000000084c00000, 0x0000000084d00000|  0%| F|  |TAMS 0x0000000084c00000| PB 0x0000000084c00000| Untracked 
|  77|0x0000000084d00000, 0x0000000084d00000, 0x0000000084e00000|  0%| F|  |TAMS 0x0000000084d00000| PB 0x0000000084d00000| Untracked 
|  78|0x0000000084e00000, 0x0000000084e00000, 0x0000000084f00000|  0%| F|  |TAMS 0x0000000084e00000| PB 0x0000000084e00000| Untracked 
|  79|0x0000000084f00000, 0x0000000084f00000, 0x0000000085000000|  0%| F|  |TAMS 0x0000000084f00000| PB 0x0000000084f00000| Untracked 
|  80|0x0000000085000000, 0x0000000085000000, 0x0000000085100000|  0%| F|  |TAMS 0x0000000085000000| PB 0x0000000085000000| Untracked 
|  81|0x0000000085100000, 0x0000000085198440, 0x0000000085200000| 59%| S|CS|TAMS 0x0000000085100000| PB 0x0000000085100000| Complete 
|  82|0x0000000085200000, 0x0000000085211788, 0x0000000085300000|  6%| E|  |TAMS 0x0000000085200000| PB 0x0000000085200000| Complete 
|  93|0x0000000085d00000, 0x0000000085e00000, 0x0000000085e00000|100%| E|CS|TAMS 0x0000000085d00000| PB 0x0000000085d00000| Complete 
|2045|0x00000000ffd00000, 0x00000000ffe00000, 0x00000000ffe00000|100%| O|  |TAMS 0x00000000ffe00000| PB 0x00000000ffe00000| Updating 
|2046|0x00000000ffe00000, 0x00000000fff00000, 0x00000000fff00000|100%| O|  |TAMS 0x00000000fff00000| PB 0x00000000fff00000| Untracked 
|2047|0x00000000fff00000, 0x0000000100000000, 0x0000000100000000|100%| O|  |TAMS 0x0000000100000000| PB 0x0000000100000000| Updating 

Card table byte_map: [0x000001ab20b80000,0x000001ab20f80000] _byte_map_base: 0x000001ab20780000

Marking Bits: (CMBitMap*) 0x000001ab08555d90
 Bits: [0x000001ab20f80000, 0x000001ab22f80000)

Polling page: 0x000001ab06c20000

Metaspace:

Usage:
  Non-class:     46.16 MB used.
      Class:      7.81 MB used.
       Both:     53.97 MB used.

Virtual space:
  Non-class space:       64.00 MB reserved,      47.06 MB ( 74%) committed,  1 nodes.
      Class space:        1.00 GB reserved,       8.75 MB ( <1%) committed,  1 nodes.
             Both:        1.06 GB reserved,      55.81 MB (  5%) committed. 

Chunk freelists:
   Non-Class:  608.00 KB
       Class:  7.30 MB
        Both:  7.89 MB

MaxMetaspaceSize: unlimited
CompressedClassSpaceSize: 1.00 GB
Initial GC threshold: 21.00 MB
Current GC threshold: 91.88 MB
CDS: on
 - commit_granule_bytes: 65536.
 - commit_granule_words: 8192.
 - virtual_space_node_default_size: 8388608.
 - enlarge_chunks_in_place: 1.
 - use_allocation_guard: 0.


Internal statistics:

num_allocs_failed_limit: 6.
num_arena_births: 3338.
num_arena_deaths: 0.
num_vsnodes_births: 2.
num_vsnodes_deaths: 0.
num_space_committed: 893.
num_space_uncommitted: 0.
num_chunks_returned_to_freelist: 6.
num_chunks_taken_from_freelist: 6049.
num_chunk_merges: 6.
num_chunk_splits: 3918.
num_chunks_enlarged: 2403.
num_inconsistent_stats: 0.

CodeHeap 'non-profiled nmethods': size=120000Kb used=3610Kb max_used=4294Kb free=116389Kb
 bounds [0x000001ab187f0000, 0x000001ab18c30000, 0x000001ab1fd20000]
CodeHeap 'profiled nmethods': size=120000Kb used=13096Kb max_used=14280Kb free=106903Kb
 bounds [0x000001ab10d20000, 0x000001ab11b20000, 0x000001ab18250000]
CodeHeap 'non-nmethods': size=5760Kb used=1892Kb max_used=1947Kb free=3868Kb
 bounds [0x000001ab18250000, 0x000001ab184c0000, 0x000001ab187f0000]
CodeCache: size=245760Kb, used=18598Kb, max_used=20521Kb, free=227160Kb
 total_blobs=7893, nmethods=7133, adapters=664, full_count=0
Compilation: enabled, stopped_count=0, restarted_count=0

Compilation events (20 events):
Event: 13.179 Thread 0x000001ab25a9e250 8296       4       java.lang.Math::multiplyExact (74 bytes)
Event: 13.179 Thread 0x000001ab25a9e250 nmethod 8296 0x000001ab1898df10 code [0x000001ab1898e0a0, 0x000001ab1898e1f8]
Event: 13.180 Thread 0x000001ab25aad150 8297       3       java.lang.CompoundEnumeration::next (58 bytes)
Event: 13.180 Thread 0x000001ab25aad150 nmethod 8297 0x000001ab11b12b90 code [0x000001ab11b12d60, 0x000001ab11b130a0]
Event: 13.181 Thread 0x000001ab25a9e250 8298       4       java.lang.Character::isJavaIdentifierPart (9 bytes)
Event: 13.182 Thread 0x000001ab25a9e250 nmethod 8298 0x000001ab1898db90 code [0x000001ab1898dd20, 0x000001ab1898de28]
Event: 13.182 Thread 0x000001ab25a9e250 8299       4       java.lang.CharacterDataLatin1::isJavaIdentifierPart (20 bytes)
Event: 13.182 Thread 0x000001ab25a9e250 nmethod 8299 0x000001ab1898d890 code [0x000001ab1898da20, 0x000001ab1898dae8]
Event: 13.182 Thread 0x000001ab25a9e250 8300       4       jdk.internal.util.ReferencedKeyMap::internKey (57 bytes)
Event: 13.196 Thread 0x000001ab25a9e250 nmethod 8300 0x000001ab1898bd90 code [0x000001ab1898c040, 0x000001ab1898d1b0]
Event: 13.196 Thread 0x000001ab25a9e250 8301       4       jdk.internal.loader.BuiltinClassLoader::findLoadedModule (33 bytes)
Event: 13.209 Thread 0x000001ab6f9fd470 nmethod 8295 0x000001ab18c1d510 code [0x000001ab18c1d820, 0x000001ab18c1f0c0]
Event: 13.212 Thread 0x000001ab25a9e250 nmethod 8301 0x000001ab18c20110 code [0x000001ab18c20340, 0x000001ab18c20e88]
Event: 13.222 Thread 0x000001ab25aad150 8302       1       java.lang.NamedPackage::packageName (5 bytes)
Event: 13.222 Thread 0x000001ab25aad150 nmethod 8302 0x000001ab1898ba90 code [0x000001ab1898bc20, 0x000001ab1898bce8]
Event: 13.227 Thread 0x000001ab25aad150 8303       3       java.lang.Class::arrayContentsEq (70 bytes)
Event: 13.227 Thread 0x000001ab25a9e250 8304       4       jdk.internal.loader.BuiltinClassLoader::loadClass (22 bytes)
Event: 13.227 Thread 0x000001ab25aad150 nmethod 8303 0x000001ab11b13210 code [0x000001ab11b13400, 0x000001ab11b13828]
Event: 13.228 Thread 0x000001ab25a9e250 nmethod 8304 0x000001ab18c21490 code [0x000001ab18c21640, 0x000001ab18c217c8]
Event: 13.252 Thread 0x000001ab25a9e250 8305 %     4       java.util.zip.ZipFile$Source::initCEN @ 261 (612 bytes)

GC Heap History (20 events):
Event: 7.291 GC heap before
{Heap before GC invocations=10 (full 0):
 garbage-first heap   total 86016K, used 73931K [0x0000000080000000, 0x0000000100000000)
  region size 1024K, 46 young (47104K), 4 survivors (4096K)
 Metaspace       used 36831K, committed 38208K, reserved 1114112K
  class space    used 5301K, committed 5952K, reserved 1048576K
}
Event: 7.295 GC heap after
{Heap after GC invocations=11 (full 0):
 garbage-first heap   total 86016K, used 33374K [0x0000000080000000, 0x0000000100000000)
  region size 1024K, 4 young (4096K), 4 survivors (4096K)
 Metaspace       used 36831K, committed 38208K, reserved 1114112K
  class space    used 5301K, committed 5952K, reserved 1048576K
}
Event: 8.231 GC heap before
{Heap before GC invocations=11 (full 0):
 garbage-first heap   total 86016K, used 74334K [0x0000000080000000, 0x0000000100000000)
  region size 1024K, 44 young (45056K), 4 survivors (4096K)
 Metaspace       used 41625K, committed 43264K, reserved 1114112K
  class space    used 6097K, committed 6912K, reserved 1048576K
}
Event: 8.236 GC heap after
{Heap after GC invocations=12 (full 0):
 garbage-first heap   total 86016K, used 34503K [0x0000000080000000, 0x0000000100000000)
  region size 1024K, 4 young (4096K), 4 survivors (4096K)
 Metaspace       used 41625K, committed 43264K, reserved 1114112K
  class space    used 6097K, committed 6912K, reserved 1048576K
}
Event: 9.029 GC heap before
{Heap before GC invocations=12 (full 0):
 garbage-first heap   total 86016K, used 76487K [0x0000000080000000, 0x0000000100000000)
  region size 1024K, 45 young (46080K), 4 survivors (4096K)
 Metaspace       used 46879K, committed 48576K, reserved 1114112K
  class space    used 6868K, committed 7680K, reserved 1048576K
}
Event: 9.033 GC heap after
{Heap after GC invocations=13 (full 0):
 garbage-first heap   total 86016K, used 37259K [0x0000000080000000, 0x0000000100000000)
  region size 1024K, 5 young (5120K), 5 survivors (5120K)
 Metaspace       used 46879K, committed 48576K, reserved 1114112K
  class space    used 6868K, committed 7680K, reserved 1048576K
}
Event: 9.854 GC heap before
{Heap before GC invocations=13 (full 0):
 garbage-first heap   total 86016K, used 76171K [0x0000000080000000, 0x0000000100000000)
  region size 1024K, 43 young (44032K), 5 survivors (5120K)
 Metaspace       used 51662K, committed 53376K, reserved 1114112K
  class space    used 7611K, committed 8448K, reserved 1048576K
}
Event: 9.859 GC heap after
{Heap after GC invocations=14 (full 0):
 garbage-first heap   total 86016K, used 39767K [0x0000000080000000, 0x0000000100000000)
  region size 1024K, 6 young (6144K), 6 survivors (6144K)
 Metaspace       used 51662K, committed 53376K, reserved 1114112K
  class space    used 7611K, committed 8448K, reserved 1048576K
}
Event: 11.133 GC heap before
{Heap before GC invocations=14 (full 0):
 garbage-first heap   total 86016K, used 76631K [0x0000000080000000, 0x0000000100000000)
  region size 1024K, 42 young (43008K), 6 survivors (6144K)
 Metaspace       used 53914K, committed 55808K, reserved 1114112K
  class space    used 7878K, committed 8832K, reserved 1048576K
}
Event: 11.141 GC heap after
{Heap after GC invocations=15 (full 0):
 garbage-first heap   total 89088K, used 45471K [0x0000000080000000, 0x0000000100000000)
  region size 1024K, 6 young (6144K), 6 survivors (6144K)
 Metaspace       used 53914K, committed 55808K, reserved 1114112K
  class space    used 7878K, committed 8832K, reserved 1048576K
}
Event: 11.774 GC heap before
{Heap before GC invocations=15 (full 0):
 garbage-first heap   total 89088K, used 77215K [0x0000000080000000, 0x0000000100000000)
  region size 1024K, 38 young (38912K), 6 survivors (6144K)
 Metaspace       used 54310K, committed 56192K, reserved 1114112K
  class space    used 7879K, committed 8832K, reserved 1048576K
}
Event: 11.782 GC heap after
{Heap after GC invocations=16 (full 0):
 garbage-first heap   total 89088K, used 49742K [0x0000000080000000, 0x0000000100000000)
  region size 1024K, 5 young (5120K), 5 survivors (5120K)
 Metaspace       used 54310K, committed 56192K, reserved 1114112K
  class space    used 7879K, committed 8832K, reserved 1048576K
}
Event: 12.359 GC heap before
{Heap before GC invocations=16 (full 0):
 garbage-first heap   total 89088K, used 77390K [0x0000000080000000, 0x0000000100000000)
  region size 1024K, 33 young (33792K), 5 survivors (5120K)
 Metaspace       used 54610K, committed 56448K, reserved 1114112K
  class space    used 7879K, committed 8832K, reserved 1048576K
}
Event: 12.362 GC heap after
{Heap after GC invocations=17 (full 0):
 garbage-first heap   total 89088K, used 51179K [0x0000000080000000, 0x0000000100000000)
  region size 1024K, 4 young (4096K), 4 survivors (4096K)
 Metaspace       used 54610K, committed 56448K, reserved 1114112K
  class space    used 7879K, committed 8832K, reserved 1048576K
}
Event: 12.733 GC heap before
{Heap before GC invocations=18 (full 0):
 garbage-first heap   total 89088K, used 77803K [0x0000000080000000, 0x0000000100000000)
  region size 1024K, 31 young (31744K), 4 survivors (4096K)
 Metaspace       used 54618K, committed 56448K, reserved 1114112K
  class space    used 7879K, committed 8832K, reserved 1048576K
}
Event: 12.738 GC heap after
{Heap after GC invocations=19 (full 0):
 garbage-first heap   total 89088K, used 52956K [0x0000000080000000, 0x0000000100000000)
  region size 1024K, 4 young (4096K), 4 survivors (4096K)
 Metaspace       used 54618K, committed 56448K, reserved 1114112K
  class space    used 7879K, committed 8832K, reserved 1048576K
}
Event: 13.215 GC heap before
{Heap before GC invocations=19 (full 0):
 garbage-first heap   total 89088K, used 79580K [0x0000000080000000, 0x0000000100000000)
  region size 1024K, 29 young (29696K), 4 survivors (4096K)
 Metaspace       used 55203K, committed 57024K, reserved 1114112K
  class space    used 7986K, committed 8896K, reserved 1048576K
}
Event: 13.220 GC heap after
{Heap after GC invocations=20 (full 0):
 garbage-first heap   total 89088K, used 56645K [0x0000000080000000, 0x0000000100000000)
  region size 1024K, 4 young (4096K), 4 survivors (4096K)
 Metaspace       used 55203K, committed 57024K, reserved 1114112K
  class space    used 7986K, committed 8896K, reserved 1048576K
}
Event: 13.241 GC heap before
{Heap before GC invocations=20 (full 0):
 garbage-first heap   total 89088K, used 57669K [0x0000000080000000, 0x0000000100000000)
  region size 1024K, 6 young (6144K), 4 survivors (4096K)
 Metaspace       used 55267K, committed 57152K, reserved 1114112K
  class space    used 8000K, committed 8960K, reserved 1048576K
}
Event: 13.243 GC heap after
{Heap after GC invocations=21 (full 0):
 garbage-first heap   total 89088K, used 57518K [0x0000000080000000, 0x0000000100000000)
  region size 1024K, 1 young (1024K), 1 survivors (1024K)
 Metaspace       used 55267K, committed 57152K, reserved 1114112K
  class space    used 8000K, committed 8960K, reserved 1048576K
}

Dll operation events (15 events):
Event: 0.023 Loaded shared library C:\Users\dato\.jdks\dragonwell-21.0.9\bin\java.dll
Event: 0.058 Loaded shared library C:\Users\dato\.jdks\dragonwell-21.0.9\bin\jsvml.dll
Event: 0.122 Loaded shared library C:\Users\dato\.jdks\dragonwell-21.0.9\bin\zip.dll
Event: 0.128 Loaded shared library C:\Users\dato\.jdks\dragonwell-21.0.9\bin\instrument.dll
Event: 0.143 Loaded shared library C:\Users\dato\.jdks\dragonwell-21.0.9\bin\net.dll
Event: 0.150 Loaded shared library C:\Users\dato\.jdks\dragonwell-21.0.9\bin\nio.dll
Event: 0.155 Loaded shared library C:\Users\dato\.jdks\dragonwell-21.0.9\bin\zip.dll
Event: 0.588 Loaded shared library C:\Users\dato\.jdks\dragonwell-21.0.9\bin\jimage.dll
Event: 0.910 Loaded shared library C:\Users\dato\.jdks\dragonwell-21.0.9\bin\verify.dll
Event: 0.957 Loaded shared library C:\Users\dato\.gradle\native\660c5614fbf4a5f2a75b1949f50a0caf5cd603558e7d8a26e50b933a0cfb79d1\windows-amd64\native-platform.dll
Event: 0.976 Loaded shared library C:\Users\dato\.gradle\native\0.2.8\x86_64-windows-gnu\gradle-fileevents.dll
Event: 2.589 Loaded shared library C:\Users\dato\.jdks\dragonwell-21.0.9\bin\management.dll
Event: 2.596 Loaded shared library C:\Users\dato\.jdks\dragonwell-21.0.9\bin\management_ext.dll
Event: 2.778 Loaded shared library C:\Users\dato\.jdks\dragonwell-21.0.9\bin\extnet.dll
Event: 3.126 Loaded shared library C:\Users\dato\.jdks\dragonwell-21.0.9\bin\sunmscapi.dll

Deoptimization events (20 events):
Event: 12.692 Thread 0x000001ab6d3da760 DEOPT PACKING pc=0x000001ab11185eb2 sp=0x0000002d644fcbd0
Event: 12.692 Thread 0x000001ab6d3da760 DEOPT UNPACKING pc=0x000001ab182a4bc2 sp=0x0000002d644fc090 mode 0
Event: 13.042 Thread 0x000001ab6c890180 Uncommon trap: trap_request=0xfffffff4 fr.pc=0x000001ab18b5a38c relative=0x000000000000050c
Event: 13.042 Thread 0x000001ab6c890180 Uncommon trap: reason=null_check action=make_not_entrant pc=0x000001ab18b5a38c method=org.gradle.util.internal.SimpleMapInterner.intern(Ljava/lang/Object;)Ljava/lang/Object; @ 2 c2
Event: 13.042 Thread 0x000001ab6c890180 DEOPT PACKING pc=0x000001ab18b5a38c sp=0x0000002d620f8ad0
Event: 13.042 Thread 0x000001ab6c890180 DEOPT UNPACKING pc=0x000001ab182a4422 sp=0x0000002d620f8a88 mode 2
Event: 13.042 Thread 0x000001ab6c890180 Uncommon trap: trap_request=0xffffff45 fr.pc=0x000001ab18b5b32c relative=0x000000000000052c
Event: 13.042 Thread 0x000001ab6c890180 Uncommon trap: reason=unstable_if action=reinterpret pc=0x000001ab18b5b32c method=org.gradle.util.internal.SimpleMapInterner.intern(Ljava/lang/String;)Ljava/lang/String; @ 1 c2
Event: 13.042 Thread 0x000001ab6c890180 DEOPT PACKING pc=0x000001ab18b5b32c sp=0x0000002d620f8a60
Event: 13.042 Thread 0x000001ab6c890180 DEOPT UNPACKING pc=0x000001ab182a4422 sp=0x0000002d620f8a18 mode 2
Event: 13.074 Thread 0x000001ab6c803600 Uncommon trap: trap_request=0xffffff45 fr.pc=0x000001ab18c06684 relative=0x0000000000000764
Event: 13.074 Thread 0x000001ab6c803600 Uncommon trap: reason=unstable_if action=reinterpret pc=0x000001ab18c06684 method=java.util.concurrent.CopyOnWriteArrayList.indexOfRange(Ljava/lang/Object;[Ljava/lang/Object;II)I @ 49 c2
Event: 13.074 Thread 0x000001ab6c803600 DEOPT PACKING pc=0x000001ab18c06684 sp=0x0000002d61cfe700
Event: 13.074 Thread 0x000001ab6c803600 DEOPT UNPACKING pc=0x000001ab182a4422 sp=0x0000002d61cfe6d8 mode 2
Event: 13.115 Thread 0x000001ab6c890180 DEOPT PACKING pc=0x000001ab11185eb2 sp=0x0000002d620f83b0
Event: 13.115 Thread 0x000001ab6c890180 DEOPT UNPACKING pc=0x000001ab182a4bc2 sp=0x0000002d620f7870 mode 0
Event: 13.132 Thread 0x000001ab6c890180 Uncommon trap: trap_request=0xffffff45 fr.pc=0x000001ab189670ac relative=0x000000000000018c
Event: 13.132 Thread 0x000001ab6c890180 Uncommon trap: reason=unstable_if action=reinterpret pc=0x000001ab189670ac method=org.gradle.internal.io.StreamByteBuffer.prepareRead()I @ 30 c2
Event: 13.132 Thread 0x000001ab6c890180 DEOPT PACKING pc=0x000001ab189670ac sp=0x0000002d620f6c70
Event: 13.132 Thread 0x000001ab6c890180 DEOPT UNPACKING pc=0x000001ab182a4422 sp=0x0000002d620f6c20 mode 2

Classes loaded (20 events):
Event: 10.254 Loading class java/io/ObjectInputFilter$Config$BuiltinFilterFactory
Event: 10.255 Loading class java/io/ObjectInputFilter$Config$BuiltinFilterFactory done
Event: 10.255 Loading class jdk/internal/access/JavaObjectInputFilterAccess
Event: 10.255 Loading class jdk/internal/access/JavaObjectInputFilterAccess done
Event: 10.255 Loading class jdk/internal/event/DeserializationEvent
Event: 10.255 Loading class jdk/internal/event/DeserializationEvent done
Event: 10.256 Loading class java/io/ObjectInputStream$FieldValues
Event: 10.256 Loading class java/io/ObjectInputStream$GetField
Event: 10.256 Loading class java/io/ObjectInputStream$GetField done
Event: 10.256 Loading class java/io/ObjectInputStream$FieldValues done
Event: 10.875 Loading class java/util/LinkedList$LLSpliterator
Event: 10.875 Loading class java/util/LinkedList$LLSpliterator done
Event: 11.710 Loading class java/lang/foreign/MemorySegment
Event: 11.712 Loading class java/lang/foreign/MemorySegment done
Event: 13.066 Loading class java/util/concurrent/LinkedBlockingDeque$Itr
Event: 13.067 Loading class java/util/concurrent/LinkedBlockingDeque$AbstractItr
Event: 13.067 Loading class java/util/concurrent/LinkedBlockingDeque$AbstractItr done
Event: 13.067 Loading class java/util/concurrent/LinkedBlockingDeque$Itr done
Event: 13.167 Loading class java/lang/ProcessBuilder
Event: 13.168 Loading class java/lang/ProcessBuilder done

Classes unloaded (0 events):
No events

Classes redefined (0 events):
No events

Internal exceptions (20 events):
Event: 10.221 Thread 0x000001ab6c890180 Exception <a 'java/lang/NoSuchMethodError'{0x0000000084979fe8}: 'long java.lang.invoke.DirectMethodHandle$Holder.invokeSpecial(java.lang.Object, java.lang.Object)'> (0x0000000084979fe8) 
thrown [s\src\hotspot\share\interpreter\linkResolver.cpp, line 773]
Event: 10.222 Thread 0x000001ab6c890180 Exception <a 'java/lang/NoSuchMethodError'{0x000000008497e470}: 'long java.lang.invoke.Invokers$Holder.invokeExact_MT(java.lang.Object, java.lang.Object)'> (0x000000008497e470) 
thrown [s\src\hotspot\share\interpreter\linkResolver.cpp, line 773]
Event: 10.228 Thread 0x000001ab6c890180 Exception <a 'java/lang/NoSuchMethodError'{0x00000000849b3ef0}: static [Ljava/lang/Object;.<clinit>()V> (0x00000000849b3ef0) 
thrown [s\src\hotspot\share\prims\jni.cpp, line 1111]
Event: 10.232 Thread 0x000001ab6c890180 Exception <a 'java/lang/NoSuchMethodError'{0x00000000849f16d8}: static Lorg/gradle/api/internal/catalog/DependencyModel;.<clinit>()V> (0x00000000849f16d8) 
thrown [s\src\hotspot\share\prims\jni.cpp, line 1111]
Event: 10.232 Thread 0x000001ab6c890180 Exception <a 'java/lang/NoSuchMethodError'{0x00000000849f5438}: static Lorg/gradle/api/internal/catalog/AbstractContextAwareModel;.<clinit>()V> (0x00000000849f5438) 
thrown [s\src\hotspot\share\prims\jni.cpp, line 1111]
Event: 10.234 Thread 0x000001ab6c890180 Exception <a 'java/lang/NoSuchMethodError'{0x000000008480eed8}: static Lorg/gradle/api/internal/artifacts/dependencies/AbstractVersionConstraint;.<clinit>()V> (0x000000008480eed8) 
thrown [s\src\hotspot\share\prims\jni.cpp, line 1111]
Event: 10.241 Thread 0x000001ab6c890180 Exception <a 'java/lang/NoSuchMethodError'{0x000000008486c310}: static Lorg/gradle/api/internal/catalog/PluginModel;.<clinit>()V> (0x000000008486c310) 
thrown [s\src\hotspot\share\prims\jni.cpp, line 1111]
Event: 10.243 Thread 0x000001ab6c890180 Exception <a 'java/lang/NoSuchMethodError'{0x00000000848838b0}: static Lorg/gradle/api/internal/catalog/VersionModel;.<clinit>()V> (0x00000000848838b0) 
thrown [s\src\hotspot\share\prims\jni.cpp, line 1111]
Event: 10.246 Thread 0x000001ab6c890180 Exception <a 'java/lang/NoSuchMethodError'{0x000000008488d298}: 'void java.lang.invoke.DirectMethodHandle$Holder.invokeSpecial(java.lang.Object, java.lang.Object, java.lang.Object, int)'> (0x000000008488d298) 
thrown [s\src\hotspot\share\interpreter\linkResolver.cpp, line 773]
Event: 10.876 Thread 0x000001ab6c890180 Exception <a 'java/lang/IncompatibleClassChangeError'{0x0000000083bd8e90}: Found class java.lang.Object, but interface was expected> (0x0000000083bd8e90) 
thrown [s\src\hotspot\share\interpreter\linkResolver.cpp, line 840]
Event: 10.934 Thread 0x000001ab6d3d8690 Exception <a 'java/lang/NoSuchMethodError'{0x00000000839ab2d8}: 'void java.lang.invoke.DirectMethodHandle$Holder.invokeVirtual(java.lang.Object, java.lang.Object)'> (0x00000000839ab2d8) 
thrown [s\src\hotspot\share\interpreter\linkResolver.cpp, line 773]
Event: 12.953 Thread 0x000001ab6c890180 Exception <a 'java/lang/NoSuchMethodError'{0x000000008444ca70}: 'java.lang.Object java.lang.invoke.DirectMethodHandle$Holder.invokeVirtual(java.lang.Object, java.lang.Object, java.lang.Object, java.lang.Object, java.lang.Object, java.lang.Object, java.lang.Object, java.lang.Object, java.lang.Object, java.lang.Object, java.lang.Object, java.lang.Object, java.lang.Object, java.lang.Object, java.lang.Object, java.lang.Object, java.lang.Object)'> (0x000000008444ca70) 
thrown [s\src\hotspot\share\interpreter\li
Event: 12.954 Thread 0x000001ab6c890180 Exception <a 'java/lang/NoSuchMethodError'{0x0000000084453120}: 'java.lang.Object java.lang.invoke.DirectMethodHandle$Holder.invokeSpecial(java.lang.Object, java.lang.Object, java.lang.Object, java.lang.Object, java.lang.Object, java.lang.Object, java.lang.Object, java.lang.Object, java.lang.Object, java.lang.Object, java.lang.Object, java.lang.Object, java.lang.Object, java.lang.Object, java.lang.Object, java.lang.Object, java.lang.Object, java.lang.Object)'> (0x0000000084453120) 
thrown [s\src\hotspot\sh
Event: 12.954 Thread 0x000001ab6c890180 Exception <a 'java/lang/NoSuchMethodError'{0x0000000084458bd8}: 'java.lang.Object java.lang.invoke.DelegatingMethodHandle$Holder.reinvoke_L(java.lang.Object, java.lang.Object, java.lang.Object, java.lang.Object, java.lang.Object, java.lang.Object, java.lang.Object, java.lang.Object, java.lang.Object, java.lang.Object, java.lang.Object, java.lang.Object, java.lang.Object, java.lang.Object, java.lang.Object, java.lang.Object, java.lang.Object)'> (0x0000000084458bd8) 
thrown [s\src\hotspot\share\interpreter\l
Event: 12.971 Thread 0x000001ab6c890180 Exception <a 'java/lang/NoSuchMethodError'{0x000000008431fc48}: 'void java.lang.invoke.DirectMethodHandle$Holder.invokeInterface(java.lang.Object, java.lang.Object, java.lang.Object, java.lang.Object)'> (0x000000008431fc48) 
thrown [s\src\hotspot\share\interpreter\linkResolver.cpp, line 773]
Event: 13.042 Thread 0x000001ab6c890180 Implicit null exception at 0x000001ab18b59ebd to 0x000001ab18b5a37b
Event: 13.042 Thread 0x000001ab6c890180 Implicit null exception at 0x000001ab18b5ae3f to 0x000001ab18b5b318
Event: 13.159 Thread 0x000001ab6c890180 Exception <a 'java/lang/NoSuchMethodError'{0x0000000083d8b830}: 'void java.lang.invoke.Invokers$Holder.invoke_MT(java.lang.Object, java.lang.Object, java.lang.Object, java.lang.Object)'> (0x0000000083d8b830) 
thrown [s\src\hotspot\share\interpreter\linkResolver.cpp, line 773]
Event: 13.167 Thread 0x000001ab6c890180 Exception <a 'java/lang/NoSuchMethodError'{0x0000000083dfadd8}: 'java.lang.Object java.lang.invoke.DirectMethodHandle$Holder.invokeStaticInit(java.lang.Object, java.lang.Object, java.lang.Object, java.lang.Object, java.lang.Object, java.lang.Object, java.lang.Object)'> (0x0000000083dfadd8) 
thrown [s\src\hotspot\share\interpreter\linkResolver.cpp, line 773]
Event: 13.170 Thread 0x000001ab6c890180 Exception <a 'java/lang/NoSuchMethodError'{0x0000000083c23a18}: 'java.lang.Object java.lang.invoke.DirectMethodHandle$Holder.invokeSpecial(java.lang.Object, java.lang.Object, java.lang.Object, int, java.lang.Object, java.lang.Object)'> (0x0000000083c23a18) 
thrown [s\src\hotspot\share\interpreter\linkResolver.cpp, line 773]

ZGC Phase Switch (0 events):
No events

VM Operations (20 events):
Event: 11.339 Executing VM operation: ICBufferFull done
Event: 11.740 Executing VM operation: ICBufferFull
Event: 11.741 Executing VM operation: ICBufferFull done
Event: 11.774 Executing VM operation: G1CollectForAllocation (G1 Evacuation Pause)
Event: 11.782 Executing VM operation: G1CollectForAllocation (G1 Evacuation Pause) done
Event: 12.359 Executing VM operation: G1CollectForAllocation (G1 Evacuation Pause)
Event: 12.363 Executing VM operation: G1CollectForAllocation (G1 Evacuation Pause) done
Event: 12.408 Executing VM operation: G1PauseRemark
Event: 12.414 Executing VM operation: G1PauseRemark done
Event: 12.430 Executing VM operation: G1PauseCleanup
Event: 12.430 Executing VM operation: G1PauseCleanup done
Event: 12.732 Executing VM operation: G1CollectForAllocation (G1 Evacuation Pause)
Event: 12.738 Executing VM operation: G1CollectForAllocation (G1 Evacuation Pause) done
Event: 13.081 Executing VM operation: HandshakeAllThreads (Deoptimize)
Event: 13.082 Executing VM operation: HandshakeAllThreads (Deoptimize) done
Event: 13.214 Executing VM operation: G1CollectForAllocation (G1 Evacuation Pause)
Event: 13.220 Executing VM operation: G1CollectForAllocation (G1 Evacuation Pause) done
Event: 13.241 Executing VM operation: G1TryInitiateConcMark (G1 Humongous Allocation)
Event: 13.243 Executing VM operation: G1TryInitiateConcMark (G1 Humongous Allocation) done
Event: 13.280 Executing VM operation: G1PauseRemark

Memory protections (0 events):
No events

Nmethod flushes (20 events):
Event: 13.286 Thread 0x000001ab2573aa40 flushing  nmethod 0x000001ab114fab10
Event: 13.286 Thread 0x000001ab2573aa40 flushing  nmethod 0x000001ab114fd590
Event: 13.286 Thread 0x000001ab2573aa40 flushing  nmethod 0x000001ab11527590
Event: 13.286 Thread 0x000001ab2573aa40 flushing  nmethod 0x000001ab1152ef90
Event: 13.286 Thread 0x000001ab2573aa40 flushing  nmethod 0x000001ab1152f990
Event: 13.286 Thread 0x000001ab2573aa40 flushing  nmethod 0x000001ab1152fd10
Event: 13.286 Thread 0x000001ab2573aa40 flushing  nmethod 0x000001ab11530210
Event: 13.286 Thread 0x000001ab2573aa40 flushing  nmethod 0x000001ab11530510
Event: 13.286 Thread 0x000001ab2573aa40 flushing  nmethod 0x000001ab11530890
Event: 13.286 Thread 0x000001ab2573aa40 flushing  nmethod 0x000001ab115ecb10
Event: 13.286 Thread 0x000001ab2573aa40 flushing  nmethod 0x000001ab115ecf10
Event: 13.286 Thread 0x000001ab2573aa40 flushing  nmethod 0x000001ab115ee490
Event: 13.286 Thread 0x000001ab2573aa40 flushing  nmethod 0x000001ab115ef610
Event: 13.286 Thread 0x000001ab2573aa40 flushing  nmethod 0x000001ab1165df10
Event: 13.286 Thread 0x000001ab2573aa40 flushing  nmethod 0x000001ab1168e190
Event: 13.286 Thread 0x000001ab2573aa40 flushing  nmethod 0x000001ab11690b10
Event: 13.286 Thread 0x000001ab2573aa40 flushing  nmethod 0x000001ab11723e10
Event: 13.286 Thread 0x000001ab2573aa40 flushing  nmethod 0x000001ab11724190
Event: 13.286 Thread 0x000001ab2573aa40 flushing  nmethod 0x000001ab11725310
Event: 13.286 Thread 0x000001ab2573aa40 flushing  nmethod 0x000001ab11726590

Events (20 events):
Event: 10.896 Thread 0x000001ab6c890180 Thread added: 0x000001ab6e54b470
Event: 10.896 Thread 0x000001ab6c890180 Thread added: 0x000001ab6e54c190
Event: 10.897 Thread 0x000001ab6c890180 Thread added: 0x000001ab6e54bb00
Event: 10.897 Thread 0x000001ab6c890180 Thread added: 0x000001ab6e54ceb0
Event: 10.897 Thread 0x000001ab6c890180 Thread added: 0x000001ab6e54d540
Event: 10.898 Thread 0x000001ab6c890180 Thread added: 0x000001ab6d3d8690
Event: 11.063 Thread 0x000001ab6c890180 Thread added: 0x000001ab6d3d8d20
Event: 11.065 Thread 0x000001ab6c890180 Thread added: 0x000001ab6d3d93b0
Event: 11.067 Thread 0x000001ab6c890180 Thread added: 0x000001ab6d3d9a40
Event: 11.070 Thread 0x000001ab6c890180 Thread added: 0x000001ab6d3d6c50
Event: 11.072 Thread 0x000001ab6c890180 Thread added: 0x000001ab6d3d72e0
Event: 11.075 Thread 0x000001ab6c890180 Thread added: 0x000001ab6d3d65c0
Event: 11.076 Thread 0x000001ab6c890180 Thread added: 0x000001ab6d3da0d0
Event: 11.514 Thread 0x000001ab6c890180 Thread added: 0x000001ab6d3da760
Event: 11.515 Thread 0x000001ab6c890180 Thread added: 0x000001ab6d3dadf0
Event: 11.516 Thread 0x000001ab6c890180 Thread added: 0x000001ab6d3d7970
Event: 11.517 Thread 0x000001ab6c890180 Thread added: 0x000001ab6d3db480
Event: 11.518 Thread 0x000001ab6c890180 Thread added: 0x000001ab6d3d8000
Event: 11.519 Thread 0x000001ab6c890180 Thread added: 0x000001ab6d3dbb10
Event: 11.520 Thread 0x000001ab6c890180 Thread added: 0x000001ab6d3dd550


Dynamic libraries:
0x00007ff75d900000 - 0x00007ff75d90e000 	C:\Users\dato\.jdks\dragonwell-21.0.9\bin\java.exe
0x00007fff43c40000 - 0x00007fff43ea7000 	C:\WINDOWS\SYSTEM32\ntdll.dll
0x00007fff42500000 - 0x00007fff425c9000 	C:\WINDOWS\System32\KERNEL32.DLL
0x00007fff40520000 - 0x00007fff40914000 	C:\WINDOWS\System32\KERNELBASE.dll
0x00007fff40b90000 - 0x00007fff40cdb000 	C:\WINDOWS\System32\ucrtbase.dll
0x00007fff3bc10000 - 0x00007fff3bc2b000 	C:\Users\dato\.jdks\dragonwell-21.0.9\bin\VCRUNTIME140.dll
0x00007fff3bbf0000 - 0x00007fff3bc08000 	C:\Users\dato\.jdks\dragonwell-21.0.9\bin\jli.dll
0x00007fff425d0000 - 0x00007fff42797000 	C:\WINDOWS\System32\USER32.dll
0x00007fff40e50000 - 0x00007fff40e77000 	C:\WINDOWS\System32\win32u.dll
0x00007fff42d30000 - 0x00007fff42d5b000 	C:\WINDOWS\System32\GDI32.dll
0x00007fff28b40000 - 0x00007fff28dd3000 	C:\WINDOWS\WinSxS\amd64_microsoft.windows.common-controls_6595b64144ccf1df_6.0.26100.7877_none_3e0d2dcce3301ff8\COMCTL32.dll
0x00007fff42e80000 - 0x00007fff42f29000 	C:\WINDOWS\System32\msvcrt.dll
0x00007fff409d0000 - 0x00007fff40afa000 	C:\WINDOWS\System32\gdi32full.dll
0x00007fff40920000 - 0x00007fff409c3000 	C:\WINDOWS\System32\msvcp_win.dll
0x00007fff42e40000 - 0x00007fff42e72000 	C:\WINDOWS\System32\IMM32.DLL
0x0000000077e50000 - 0x0000000077e5d000 	C:\Program Files (x86)\360\Total Security\safemon\SafeWrapper.dll
0x00007fff41dd0000 - 0x00007fff41e8b000 	C:\WINDOWS\System32\ADVAPI32.dll
0x00007fff41ff0000 - 0x00007fff42097000 	C:\WINDOWS\System32\sechost.dll
0x00007fff41c50000 - 0x00007fff41d68000 	C:\WINDOWS\System32\RPCRT4.dll
0x00007fff3b640000 - 0x00007fff3b745000 	C:\Program Files (x86)\360\Total Security\safemon\libzdtp64.dll
0x00007fff43070000 - 0x00007fff437d0000 	C:\WINDOWS\System32\SHELL32.dll
0x00007fff40e80000 - 0x00007fff40fea000 	C:\WINDOWS\System32\wintypes.dll
0x00007fff437e0000 - 0x00007fff43b62000 	C:\WINDOWS\System32\combase.dll
0x00007fff42d60000 - 0x00007fff42dc7000 	C:\WINDOWS\System32\SHLWAPI.dll
0x00007fff40ff0000 - 0x00007fff41854000 	C:\WINDOWS\System32\Windows.Storage.dll
0x00007fff40000000 - 0x00007fff4000b000 	C:\WINDOWS\SYSTEM32\VERSION.dll
0x00007fff3bb80000 - 0x00007fff3bb8c000 	C:\Users\dato\.jdks\dragonwell-21.0.9\bin\vcruntime140_1.dll
0x00007fff2a220000 - 0x00007fff2a2ae000 	C:\Users\dato\.jdks\dragonwell-21.0.9\bin\msvcp140.dll
0x00007ffe861f0000 - 0x00007ffe86f88000 	C:\Users\dato\.jdks\dragonwell-21.0.9\bin\server\jvm.dll
0x00007fff42ff0000 - 0x00007fff43064000 	C:\WINDOWS\System32\WS2_32.dll
0x00007fff40380000 - 0x00007fff403de000 	C:\WINDOWS\SYSTEM32\POWRPROF.dll
0x00007fff36240000 - 0x00007fff36275000 	C:\WINDOWS\SYSTEM32\WINMM.dll
0x00007fff40360000 - 0x00007fff40374000 	C:\WINDOWS\SYSTEM32\UMPDC.dll
0x00007fff3f1f0000 - 0x00007fff3f20b000 	C:\WINDOWS\SYSTEM32\kernel.appcore.dll
0x00007fff34100000 - 0x00007fff3410a000 	C:\Users\dato\.jdks\dragonwell-21.0.9\bin\jimage.dll
0x00007fff312b0000 - 0x00007fff314f2000 	C:\WINDOWS\SYSTEM32\DBGHELP.DLL
0x00007fff42130000 - 0x00007fff42207000 	C:\WINDOWS\System32\OLEAUT32.dll
0x00007fff306c0000 - 0x00007fff306fb000 	C:\WINDOWS\SYSTEM32\dbgcore.DLL
0x00007fff40da0000 - 0x00007fff40e45000 	C:\WINDOWS\System32\bcryptPrimitives.dll
0x00007fff2c1c0000 - 0x00007fff2c1cf000 	C:\Users\dato\.jdks\dragonwell-21.0.9\bin\instrument.dll
0x00007fff2bf00000 - 0x00007fff2bf1f000 	C:\Users\dato\.jdks\dragonwell-21.0.9\bin\java.dll
0x00007fff42400000 - 0x00007fff424f8000 	C:\WINDOWS\System32\SHCORE.dll
0x00007fff40440000 - 0x00007fff40469000 	C:\WINDOWS\SYSTEM32\profapi.dll
0x00007ffedba80000 - 0x00007ffedbb57000 	C:\Users\dato\.jdks\dragonwell-21.0.9\bin\jsvml.dll
0x00007fff2bee0000 - 0x00007fff2bef8000 	C:\Users\dato\.jdks\dragonwell-21.0.9\bin\zip.dll
0x00007fff2c1b0000 - 0x00007fff2c1c0000 	C:\Users\dato\.jdks\dragonwell-21.0.9\bin\net.dll
0x00007fff3a730000 - 0x00007fff3a857000 	C:\WINDOWS\SYSTEM32\WINHTTP.dll
0x00007fff3f740000 - 0x00007fff3f7ab000 	C:\WINDOWS\system32\mswsock.dll
0x00007fff28450000 - 0x00007fff28466000 	C:\Users\dato\.jdks\dragonwell-21.0.9\bin\nio.dll
0x00007fff2bd40000 - 0x00007fff2bd50000 	C:\Users\dato\.jdks\dragonwell-21.0.9\bin\verify.dll
0x00007fff3bbb0000 - 0x00007fff3bbd7000 	C:\Users\dato\.gradle\native\660c5614fbf4a5f2a75b1949f50a0caf5cd603558e7d8a26e50b933a0cfb79d1\windows-amd64\native-platform.dll
0x00007fff08f10000 - 0x00007fff08f87000 	C:\Users\dato\.gradle\native\0.2.8\x86_64-windows-gnu\gradle-fileevents.dll
0x00007fff2a210000 - 0x00007fff2a21a000 	C:\Users\dato\.jdks\dragonwell-21.0.9\bin\management.dll
0x00007fff299c0000 - 0x00007fff299cb000 	C:\Users\dato\.jdks\dragonwell-21.0.9\bin\management_ext.dll
0x00007fff41bc0000 - 0x00007fff41bc8000 	C:\WINDOWS\System32\PSAPI.DLL
0x00007fff3ec20000 - 0x00007fff3ec53000 	C:\WINDOWS\SYSTEM32\IPHLPAPI.DLL
0x00007fff42120000 - 0x00007fff4212a000 	C:\WINDOWS\System32\NSI.dll
0x00007fff29690000 - 0x00007fff29699000 	C:\Users\dato\.jdks\dragonwell-21.0.9\bin\extnet.dll
0x00007fff3fb40000 - 0x00007fff3fb5b000 	C:\WINDOWS\SYSTEM32\CRYPTSP.dll
0x00007fff3f150000 - 0x00007fff3f189000 	C:\WINDOWS\system32\rsaenh.dll
0x00007fff3f7f0000 - 0x00007fff3f822000 	C:\WINDOWS\SYSTEM32\USERENV.dll
0x00007fff40410000 - 0x00007fff4043a000 	C:\WINDOWS\SYSTEM32\bcrypt.dll
0x00007fff3f9a0000 - 0x00007fff3f9ac000 	C:\WINDOWS\SYSTEM32\CRYPTBASE.dll
0x00007fff28440000 - 0x00007fff2844e000 	C:\Users\dato\.jdks\dragonwell-21.0.9\bin\sunmscapi.dll
0x00007fff41860000 - 0x00007fff419d7000 	C:\WINDOWS\System32\CRYPT32.dll
0x00007fff3fca0000 - 0x00007fff3fcd0000 	C:\WINDOWS\SYSTEM32\ncrypt.dll
0x00007fff3fc50000 - 0x00007fff3fc8f000 	C:\WINDOWS\SYSTEM32\NTASN1.dll
0x00007fff2fd70000 - 0x00007fff2fd78000 	C:\WINDOWS\system32\wshunix.dll

JVMTI agents:
C:\Users\dato\.gradle\wrapper\dists\gradle-9.2.1-bin\2t0n5ozlw9xmuyvbp7dnzaxug\gradle-9.2.1\lib\agents\gradle-instrumentation-agent-9.2.1.jar path:C:\Users\dato\.jdks\dragonwell-21.0.9\bin\instrument.dll, loaded, initialized, instrumentlib options:none

dbghelp: loaded successfully - version: 4.0.5 - missing functions: none
symbol engine: initialized successfully - sym options: 0x614 - pdb path: .;C:\Users\dato\.jdks\dragonwell-21.0.9\bin;C:\WINDOWS\SYSTEM32;C:\WINDOWS\WinSxS\amd64_microsoft.windows.common-controls_6595b64144ccf1df_6.0.26100.7877_none_3e0d2dcce3301ff8;C:\Program Files (x86)\360\Total Security\safemon;C:\Users\dato\.jdks\dragonwell-21.0.9\bin\server;C:\Users\dato\.gradle\native\660c5614fbf4a5f2a75b1949f50a0caf5cd603558e7d8a26e50b933a0cfb79d1\windows-amd64;C:\Users\dato\.gradle\native\0.2.8\x86_64-windows-gnu

VM Arguments:
jvm_args: --add-opens=java.base/java.lang=ALL-UNNAMED --add-opens=java.base/java.lang.invoke=ALL-UNNAMED --add-opens=java.base/java.util=ALL-UNNAMED --add-opens=java.prefs/java.util.prefs=ALL-UNNAMED --add-exports=jdk.compiler/com.sun.tools.javac.api=ALL-UNNAMED --add-exports=jdk.compiler/com.sun.tools.javac.util=ALL-UNNAMED --add-opens=java.base/java.util=ALL-UNNAMED --add-opens=java.prefs/java.util.prefs=ALL-UNNAMED --add-opens=java.base/java.nio.charset=ALL-UNNAMED --add-opens=java.base/java.net=ALL-UNNAMED --add-opens=java.base/java.util.concurrent=ALL-UNNAMED --add-opens=java.base/java.util.concurrent.atomic=ALL-UNNAMED --add-opens=java.xml/javax.xml.namespace=ALL-UNNAMED --add-opens=java.base/java.time=ALL-UNNAMED -Xmx2048m -Dfile.encoding=UTF-8 -Duser.country=US -Duser.language=en -Duser.variant -javaagent:C:\Users\dato\.gradle\wrapper\dists\gradle-9.2.1-bin\2t0n5ozlw9xmuyvbp7dnzaxug\gradle-9.2.1\lib\agents\gradle-instrumentation-agent-9.2.1.jar 
java_command: org.gradle.launcher.daemon.bootstrap.GradleDaemon 9.2.1
java_class_path (initial): C:\Users\dato\.gradle\wrapper\dists\gradle-9.2.1-bin\2t0n5ozlw9xmuyvbp7dnzaxug\gradle-9.2.1\lib\gradle-daemon-main-9.2.1.jar
Launcher Type: SUN_STANDARD

[Global flags]
     intx CICompilerCount                          = 4                                         {product} {ergonomic}
     uint ConcGCThreads                            = 2                                         {product} {ergonomic}
     uint G1ConcRefinementThreads                  = 8                                         {product} {ergonomic}
   size_t G1HeapRegionSize                         = 1048576                                   {product} {ergonomic}
    uintx GCDrainStackTargetSize                   = 64                                        {product} {ergonomic}
   size_t InitialHeapSize                          = 98566144                                  {product} {ergonomic}
   size_t MarkStackSize                            = 4194304                                   {product} {ergonomic}
   size_t MaxHeapSize                              = 2147483648                                {product} {command line}
   size_t MaxNewSize                               = 1287651328                                {product} {ergonomic}
   size_t MinHeapDeltaBytes                        = 1048576                                   {product} {ergonomic}
   size_t MinHeapSize                              = 8388608                                   {product} {ergonomic}
    uintx NonNMethodCodeHeapSize                   = 5839372                                {pd product} {ergonomic}
    uintx NonProfiledCodeHeapSize                  = 122909434                              {pd product} {ergonomic}
    uintx ProfiledCodeHeapSize                     = 122909434                              {pd product} {ergonomic}
    uintx ReservedCodeCacheSize                    = 251658240                              {pd product} {ergonomic}
     bool SegmentedCodeCache                       = true                                      {product} {ergonomic}
   size_t SoftMaxHeapSize                          = 2147483648                             {manageable} {ergonomic}
     bool UseCompressedOops                        = true                           {product lp64_product} {ergonomic}
     bool UseG1GC                                  = true                                      {product} {ergonomic}
     bool UseLargePagesIndividualAllocation        = false                                  {pd product} {ergonomic}

Logging:
Log output configuration:
 #0: stdout all=warning uptime,level,tags foldmultilines=false
 #1: stderr all=off uptime,level,tags foldmultilines=false

Release file:
IMPLEMENTOR="Alibaba" 
IMPLEMENTOR_VERSION="(Alibaba Dragonwell Standard Edition)-21.0.9.0.9+10-GA" 
JAVA_RUNTIME_VERSION="21.0.9.0.9" 
JAVA_VERSION="21.0.9.0.9" 
JAVA_VERSION_DATE="2025-10-21" 
LIBC="default" 
MODULES="java.base java.compiler java.datatransfer java.xml java.prefs java.desktop java.instrument java.logging java.management java.security.sasl java.naming java.rmi java.management.rmi java.net.http java.scripting java.security.jgss java.transaction.xa java.sql java.sql.rowset java.xml.crypto java.se java.smartcardio jdk.accessibility jdk.internal.jvmstat jdk.attach jdk.charsets jdk.internal.opt jdk.zipfs jdk.compiler jdk.crypto.ec jdk.crypto.cryptoki jdk.crypto.mscapi jdk.dynalink jdk.internal.ed jdk.editpad jdk.hotspot.agent jdk.httpserver jdk.incubator.vector jdk.internal.le jdk.internal.vm.ci jdk.internal.vm.compiler jdk.internal.vm.compiler.management jdk.jartool jdk.javadoc jdk.jcmd jdk.management jdk.management.agent jdk.jconsole jdk.jdeps jdk.jdwp.agent jdk.jdi jdk.jfr jdk.jlink jdk.jpackage jdk.jshell jdk.jsobject jdk.jstatd jdk.localedata jdk.management.jfr jdk.naming.dns jdk.naming.rmi jdk.net jdk.nio.mapmode jdk.random jdk.sctp jdk.security.auth jdk.security.jgss jdk.unsupported jdk.unsupported.desktop jdk.xml.dom" 
OS_ARCH="x86_64" 
OS_NAME="Windows" 
SOURCE=".:git:54676a3a5d49+ googletest:git:f8d7d77c0693" 
BUILD_SOURCE="git:61a6db0686135fae9a0cf9367926349c386fdd2d"
BUILD_SOURCE_REPO="https://github.com/dragonwell-releng/openjdk-build.git"
SOURCE_REPO="https://github.com/dragonwell-project/dragonwell21.git"
FULL_VERSION="21.0.9.0.9"
SEMANTIC_VERSION="21.0.9.0.9+10"
BUILD_INFO="OS: Windows Server 2022 Version: 10.0"
JVM_VARIANT="Dragonwell"
JVM_VERSION="21.0.9.0.9"
IMAGE_TYPE="JDK"

Environment Variables:
PATH=C:\Program Files\GitHub CLI;C:\Program Files (x86)\Common Files\Oracle\Java\java8path;C:\Program Files (x86)\Common Files\Oracle\Java\javapath;C:\WINDOWS\system32;C:\WINDOWS;C:\WINDOWS\System32\Wbem;C:\WINDOWS\System32\WindowsPowerShell\v1.0\;C:\WINDOWS\System32\OpenSSH\;C:\Program Files\dotnet\;C:\Users\dato\AppData\Local\nvm;C:\Program Files\nodejs;C:\Program Files\Microsoft SQL Server\170\Tools\Binn\;C:\Program Files\Microsoft SQL Server\Client SDK\ODBC\170\Tools\Binn\;C:\Program Files\Git\cmd;C:\Program Files (x86)\Windows Kits\10\Windows Performance Toolkit\;C:\Program Files\WorldPainter;C:\Program Files\nodejs\;C:\Program Files\Docker\Docker\resources\bin;C:\Users\dato\AppData\Local\Programs\Python\Python311\Scripts\;C:\Users\dato\AppData\Local\Programs\Python\Python311\;C:\Users\dato\AppData\Local\Microsoft\WindowsApps;C:\Users\dato\AppData\Local\TunnelAPI;C:\Users\dato\AppData\Local\nvm;C:\Users\dato\.dotnet\tools;C:\Users\dato\AppData\Local\Microsoft\WindowsApps;C:\Users\dato\AppData\Local\Microsoft\;C:\Users\dato\AppData\Local\Programs\Python\Python311\Scripts\;C:\Users\dato\AppData\Local\Programs\Python\Python311\;C:\Users\dato\AppData\Local\Microsoft\WindowsApps;C:\Users\dato\AppData\Local\TunnelAPI;C:\Users\dato\AppData\Local\nvm;C:\Program Files\nodejs;C:\Users\dato\.dotnet\tools;C:\Users\dato\AppData\Local\Microsoft\WindowsApps;C:\Users\dato\AppData\Local\Microsoft\WinGet\Links;C:\Users\dato\AppData\Local\GitHubDesktop\bin;C:\Users\dato\.lmstudio\bin;C:\Users\dato\AppData\Roaming\npm;C:\Users\dato\.dotnet\tools
USERNAME=dato
OS=Windows_NT
PROCESSOR_IDENTIFIER=AMD64 Family 23 Model 160 Stepping 0, AuthenticAMD
TMP=C:\Users\dato\AppData\Local\Temp
TEMP=C:\Users\dato\AppData\Local\Temp




Periodic native trim disabled

---------------  S Y S T E M  ---------------

OS:
 Windows 11 , 64 bit Build 26100 (10.0.26100.7877)
OS uptime: 0 days 4:28 hours
Hyper-V role detected

CPU: total 8 (initial active 8) (8 cores per cpu, 2 threads per core) family 23 model 160 stepping 0 microcode 0x8a0000a, cx8, cmov, fxsr, ht, mmx, 3dnowpref, sse, sse2, sse3, ssse3, sse4a, sse4.1, sse4.2, popcnt, lzcnt, tsc, tscinvbit, avx, avx2, aes, clmul, bmi1, bmi2, adx, sha, fma, vzeroupper, clflush, clflushopt, hv, rdtscp, rdpid, f16c
Processor Information for the first 8 processors :
  Max Mhz: 2401, Current Mhz: 2401, Mhz Limit: 2401

Memory: 4k page, system-wide physical 5965M (403M free)
TotalPageFile size 24397M (AvailPageFile size 6M)
current process WorkingSet (physical memory assigned to process): 302M, peak: 302M
current process commit charge ("private bytes"): 344M, peak: 354M

vm_info: OpenJDK 64-Bit Server VM (21.0.9.0.9) for windows-amd64 JRE (21.0.9.0.9), built on 2025-10-21T00:00:00Z by "dragonwell" with MS VC++ 17.7 (VS2022)

END.
