#
# There is insufficient memory for the Java Runtime Environment to continue.
# Native memory allocation (malloc) failed to allocate 992480 bytes. Error detail: Chunk::new
# Possible reasons:
#   The system is out of physical RAM or swap space
#   This process is running with CompressedOops enabled, and the Java Heap may be blocking the growth of the native heap
# Possible solutions:
#   Reduce memory load on the system
#   Increase physical memory or swap space
#   Check if swap backing store is full
#   Decrease Java heap size (-Xmx/-Xms)
#   Decrease number of Java threads
#   Decrease Java thread stack sizes (-Xss)
#   Set larger code cache with -XX:ReservedCodeCacheSize=
#   JVM is running with Unscaled Compressed Oops mode in which the Java heap is
#     placed in the first 4GB address space. The Java Heap base address is the
#     maximum limit for the native heap growth. Please use -XX:HeapBaseMinAddress
#     to set the Java Heap base and to place the Java Heap above 4GB virtual address.
# This output file may be truncated or incomplete.
#
#  Out of Memory Error (arena.cpp:168), pid=2564, tid=31764
#
# JRE version: OpenJDK Runtime Environment (Alibaba Dragonwell Standard Edition)-21.0.9.0.9+10-GA (21.0.9) (build 21.0.9.0.9)
# Java VM: OpenJDK 64-Bit Server VM (Alibaba Dragonwell Standard Edition)-21.0.9.0.9+10-GA (21.0.9.0.9, mixed mode, sharing, tiered, compressed oops, compressed class ptrs, g1 gc, windows-amd64)
# No core dump will be written. Minidumps are not enabled by default on client versions of Windows
#

---------------  S U M M A R Y ------------

Command Line: --add-opens=java.base/java.lang=ALL-UNNAMED --add-opens=java.base/java.lang.invoke=ALL-UNNAMED --add-opens=java.base/java.util=ALL-UNNAMED --add-opens=java.prefs/java.util.prefs=ALL-UNNAMED --add-exports=jdk.compiler/com.sun.tools.javac.api=ALL-UNNAMED --add-exports=jdk.compiler/com.sun.tools.javac.util=ALL-UNNAMED --add-opens=java.base/java.util=ALL-UNNAMED --add-opens=java.prefs/java.util.prefs=ALL-UNNAMED --add-opens=java.base/java.nio.charset=ALL-UNNAMED --add-opens=java.base/java.net=ALL-UNNAMED --add-opens=java.base/java.util.concurrent=ALL-UNNAMED --add-opens=java.base/java.util.concurrent.atomic=ALL-UNNAMED --add-opens=java.xml/javax.xml.namespace=ALL-UNNAMED --add-opens=java.base/java.time=ALL-UNNAMED -Xmx2048m -Dfile.encoding=UTF-8 -Duser.country=US -Duser.language=en -Duser.variant -javaagent:C:\Users\dato\.gradle\wrapper\dists\gradle-9.2.1-bin\2t0n5ozlw9xmuyvbp7dnzaxug\gradle-9.2.1\lib\agents\gradle-instrumentation-agent-9.2.1.jar org.gradle.launcher.daemon.bootstrap.GradleDaemon 9.2.1

Host: AMD Ryzen 3 7320U with Radeon Graphics         , 8 cores, 5G,  Windows 11 , 64 bit Build 26100 (10.0.26100.7877)
Time: Mon Feb 23 20:28:44 2026 Georgian Standard Time elapsed time: 19.427585 seconds (0d 0h 0m 19s)

---------------  T H R E A D  ---------------

Current thread (0x0000022e3c468250):  JavaThread "C2 CompilerThread0" daemon [_thread_in_native, id=31764, stack(0x000000edc9500000,0x000000edc9600000) (1024K)]


Current CompileTask:
C2:19427 8834   !   4       jdk.internal.loader.Resource::getBytes (244 bytes)

Stack: [0x000000edc9500000,0x000000edc9600000]
Native frames: (J=compiled Java code, j=interpreted, Vv=VM code, C=native code)
V  [jvm.dll+0x6d2af9]
V  [jvm.dll+0x8aec61]
V  [jvm.dll+0x8b123e]
V  [jvm.dll+0x8b1923]
V  [jvm.dll+0x281136]
V  [jvm.dll+0xc581d]
V  [jvm.dll+0xc5d53]
V  [jvm.dll+0x3b97cc]
V  [jvm.dll+0x1e1409]
V  [jvm.dll+0x2494b2]
V  [jvm.dll+0x24893f]
V  [jvm.dll+0x1c89ee]
V  [jvm.dll+0x2581dd]
V  [jvm.dll+0x25677a]
V  [jvm.dll+0x3f32f6]
V  [jvm.dll+0x8585eb]
V  [jvm.dll+0x6d11bd]
C  [ucrtbase.dll+0x37b0]
C  [KERNEL32.DLL+0x2e8d7]
C  [ntdll.dll+0x8c48c]


---------------  P R O C E S S  ---------------

Threads class SMR info:
_java_thread_list=0x0000022e05074590, length=57, elements={
0x0000022e1d2937e0, 0x0000022e3bdc6980, 0x0000022e3bdc71e0, 0x0000022e3bdca190,
0x0000022e3bdcab80, 0x0000022e3bdcda30, 0x0000022e3bdd3660, 0x0000022e3c468250,
0x0000022e3c479910, 0x0000022e3c645a60, 0x0000022e3c681fb0, 0x0000022e7f57b340,
0x0000022e040d6a30, 0x0000022e7f61d9b0, 0x0000022e04099f50, 0x0000022e040cb3f0,
0x0000022e04087be0, 0x0000022e04088a50, 0x0000022e04080930, 0x0000022e04080fc0,
0x0000022e04082370, 0x0000022e0407fc10, 0x0000022e04081650, 0x0000022e040802a0,
0x0000022e04081ce0, 0x0000022e04082a00, 0x0000022e04083090, 0x0000022e05b59460,
0x0000022e05b5a810, 0x0000022e05b59af0, 0x0000022e05b5c250, 0x0000022e05b5a180,
0x0000022e05b5b530, 0x0000022e05b5bbc0, 0x0000022e05b5aea0, 0x0000022e06b6b7d0,
0x0000022e06b6d8a0, 0x0000022e06b6b140, 0x0000022e06b6be60, 0x0000022e06b6c4f0,
0x0000022e06b6a420, 0x0000022e06b6df30, 0x0000022e06b6aab0, 0x0000022e06b6e5c0,
0x0000022e06b6ec50, 0x0000022e06b6f2e0, 0x0000022e06b6f970, 0x0000022e06b70000,
0x0000022e06b6cb80, 0x0000022e06b70690, 0x0000022e06b713b0, 0x0000022e06b71a40,
0x0000022e06b70d20, 0x0000022e04b50ad0, 0x0000022e04b51160, 0x0000022e04b517f0,
0x0000022e04b52510
}

Java Threads: ( => current thread )
  0x0000022e1d2937e0 JavaThread "main"                              [_thread_blocked, id=33840, stack(0x000000edc8700000,0x000000edc8800000) (1024K)]
  0x0000022e3bdc6980 JavaThread "Reference Handler"          daemon [_thread_blocked, id=1676, stack(0x000000edc8f00000,0x000000edc9000000) (1024K)]
  0x0000022e3bdc71e0 JavaThread "Finalizer"                  daemon [_thread_blocked, id=34716, stack(0x000000edc9000000,0x000000edc9100000) (1024K)]
  0x0000022e3bdca190 JavaThread "Signal Dispatcher"          daemon [_thread_blocked, id=30672, stack(0x000000edc9100000,0x000000edc9200000) (1024K)]
  0x0000022e3bdcab80 JavaThread "Attach Listener"            daemon [_thread_blocked, id=26072, stack(0x000000edc9200000,0x000000edc9300000) (1024K)]
  0x0000022e3bdcda30 JavaThread "Service Thread"             daemon [_thread_blocked, id=16148, stack(0x000000edc9300000,0x000000edc9400000) (1024K)]
  0x0000022e3bdd3660 JavaThread "Monitor Deflation Thread"   daemon [_thread_blocked, id=37048, stack(0x000000edc9400000,0x000000edc9500000) (1024K)]
=>0x0000022e3c468250 JavaThread "C2 CompilerThread0"         daemon [_thread_in_native, id=31764, stack(0x000000edc9500000,0x000000edc9600000) (1024K)]
  0x0000022e3c479910 JavaThread "C1 CompilerThread0"         daemon [_thread_in_native, id=27884, stack(0x000000edc9600000,0x000000edc9700000) (1024K)]
  0x0000022e3c645a60 JavaThread "Common-Cleaner"             daemon [_thread_blocked, id=30504, stack(0x000000edc9700000,0x000000edc9800000) (1024K)]
  0x0000022e3c681fb0 JavaThread "Notification Thread"        daemon [_thread_blocked, id=34676, stack(0x000000edc9800000,0x000000edc9900000) (1024K)]
  0x0000022e7f57b340 JavaThread "Daemon health stats"               [_thread_blocked, id=12432, stack(0x000000edc9e00000,0x000000edc9f00000) (1024K)]
  0x0000022e040d6a30 JavaThread "Incoming local TCP Connector on port 51439"        [_thread_in_native, id=33324, stack(0x000000edc9f00000,0x000000edca000000) (1024K)]
  0x0000022e7f61d9b0 JavaThread "Daemon periodic checks"            [_thread_blocked, id=28304, stack(0x000000edca000000,0x000000edca100000) (1024K)]
  0x0000022e04099f50 JavaThread "Daemon"                            [_thread_blocked, id=17584, stack(0x000000edca100000,0x000000edca200000) (1024K)]
  0x0000022e040cb3f0 JavaThread "Handler for socket connection from /127.0.0.1:51439 to /127.0.0.1:51440"        [_thread_in_native, id=32676, stack(0x000000edca200000,0x000000edca300000) (1024K)]
  0x0000022e04087be0 JavaThread "Cancel handler"                    [_thread_blocked, id=21712, stack(0x000000edca300000,0x000000edca400000) (1024K)]
  0x0000022e04088a50 JavaThread "Daemon worker"                     [_thread_in_vm, id=6444, stack(0x000000edca400000,0x000000edca500000) (1024K)]
  0x0000022e04080930 JavaThread "Asynchronous log dispatcher for DefaultDaemonConnection: socket connection from /127.0.0.1:51439 to /127.0.0.1:51440"        [_thread_blocked, id=1552, stack(0x000000edca500000,0x000000edca600000) (1024K)]
  0x0000022e04080fc0 JavaThread "Stdin handler"                     [_thread_blocked, id=23576, stack(0x000000edca600000,0x000000edca700000) (1024K)]
  0x0000022e04082370 JavaThread "Daemon client event forwarder"        [_thread_blocked, id=34544, stack(0x000000edca700000,0x000000edca800000) (1024K)]
  0x0000022e0407fc10 JavaThread "Cache worker for journal cache (C:\Users\dato\.gradle\caches\journal-1)"        [_thread_blocked, id=36732, stack(0x000000edca800000,0x000000edca900000) (1024K)]
  0x0000022e04081650 JavaThread "File lock request listener"        [_thread_in_native, id=13152, stack(0x000000edca900000,0x000000edcaa00000) (1024K)]
  0x0000022e040802a0 JavaThread "Cache worker for file hash cache (C:\Users\dato\.gradle\caches\9.2.1\fileHashes)"        [_thread_blocked, id=31604, stack(0x000000edcaa00000,0x000000edcab00000) (1024K)]
  0x0000022e04081ce0 JavaThread "Cache worker for file hash cache (C:\Users\dato\AndroidStudioProjects\bountu\.gradle\9.2.1\fileHashes)"        [_thread_blocked, id=24360, stack(0x000000edcae00000,0x000000edcaf00000) (1024K)]
  0x0000022e04082a00 JavaThread "Cache worker for Build Output Cleanup Cache (C:\Users\dato\AndroidStudioProjects\bountu\.gradle\buildOutputCleanup)"        [_thread_blocked, id=32316, stack(0x000000edcaf00000,0x000000edcb000000) (1024K)]
  0x0000022e04083090 JavaThread "File watcher server"        daemon [_thread_in_native, id=23444, stack(0x000000edcb000000,0x000000edcb100000) (1024K)]
  0x0000022e05b59460 JavaThread "File watcher consumer"      daemon [_thread_blocked, id=23504, stack(0x000000edcb100000,0x000000edcb200000) (1024K)]
  0x0000022e05b5a810 JavaThread "Cache worker for checksums cache (C:\Users\dato\AndroidStudioProjects\bountu\.gradle\9.2.1\checksums)"        [_thread_blocked, id=29196, stack(0x000000edcb200000,0x000000edcb300000) (1024K)]
  0x0000022e05b59af0 JavaThread "Cache worker for file content cache (C:\Users\dato\.gradle\caches\9.2.1\fileContent)"        [_thread_blocked, id=10680, stack(0x000000edcb300000,0x000000edcb400000) (1024K)]
  0x0000022e05b5c250 JavaThread "Cache worker for cache directory md-supplier (C:\Users\dato\.gradle\caches\9.2.1\md-supplier)"        [_thread_blocked, id=32068, stack(0x000000edcb400000,0x000000edcb500000) (1024K)]
  0x0000022e05b5a180 JavaThread "Cache worker for cache directory md-rule (C:\Users\dato\.gradle\caches\9.2.1\md-rule)"        [_thread_blocked, id=31456, stack(0x000000edcb500000,0x000000edcb600000) (1024K)]
  0x0000022e05b5b530 JavaThread "Unconstrained build operations"        [_thread_blocked, id=25752, stack(0x000000edcb600000,0x000000edcb700000) (1024K)]
  0x0000022e05b5bbc0 JavaThread "Unconstrained build operations Thread 2"        [_thread_blocked, id=2708, stack(0x000000edcb700000,0x000000edcb800000) (1024K)]
  0x0000022e05b5aea0 JavaThread "Unconstrained build operations Thread 3"        [_thread_blocked, id=5728, stack(0x000000edcb800000,0x000000edcb900000) (1024K)]
  0x0000022e06b6b7d0 JavaThread "Unconstrained build operations Thread 4"        [_thread_blocked, id=28572, stack(0x000000edcb900000,0x000000edcba00000) (1024K)]
  0x0000022e06b6d8a0 JavaThread "Unconstrained build operations Thread 5"        [_thread_blocked, id=23204, stack(0x000000edcba00000,0x000000edcbb00000) (1024K)]
  0x0000022e06b6b140 JavaThread "Unconstrained build operations Thread 6"        [_thread_blocked, id=35900, stack(0x000000edcbb00000,0x000000edcbc00000) (1024K)]
  0x0000022e06b6be60 JavaThread "Unconstrained build operations Thread 7"        [_thread_blocked, id=39328, stack(0x000000edcbc00000,0x000000edcbd00000) (1024K)]
  0x0000022e06b6c4f0 JavaThread "Unconstrained build operations Thread 8"        [_thread_blocked, id=21168, stack(0x000000edcbd00000,0x000000edcbe00000) (1024K)]
  0x0000022e06b6a420 JavaThread "Unconstrained build operations Thread 9"        [_thread_blocked, id=17840, stack(0x000000edcbe00000,0x000000edcbf00000) (1024K)]
  0x0000022e06b6df30 JavaThread "Unconstrained build operations Thread 10"        [_thread_blocked, id=13940, stack(0x000000edcbf00000,0x000000edcc000000) (1024K)]
  0x0000022e06b6aab0 JavaThread "Unconstrained build operations Thread 11"        [_thread_blocked, id=26168, stack(0x000000edcc000000,0x000000edcc100000) (1024K)]
  0x0000022e06b6e5c0 JavaThread "Unconstrained build operations Thread 12"        [_thread_blocked, id=34272, stack(0x000000edcc100000,0x000000edcc200000) (1024K)]
  0x0000022e06b6ec50 JavaThread "Unconstrained build operations Thread 13"        [_thread_blocked, id=25316, stack(0x000000edcc200000,0x000000edcc300000) (1024K)]
  0x0000022e06b6f2e0 JavaThread "Unconstrained build operations Thread 14"        [_thread_blocked, id=3848, stack(0x000000edcc300000,0x000000edcc400000) (1024K)]
  0x0000022e06b6f970 JavaThread "Unconstrained build operations Thread 15"        [_thread_blocked, id=38568, stack(0x000000edcc400000,0x000000edcc500000) (1024K)]
  0x0000022e06b70000 JavaThread "Unconstrained build operations Thread 16"        [_thread_blocked, id=34908, stack(0x000000edcc500000,0x000000edcc600000) (1024K)]
  0x0000022e06b6cb80 JavaThread "Unconstrained build operations Thread 17"        [_thread_blocked, id=14876, stack(0x000000edcc600000,0x000000edcc700000) (1024K)]
  0x0000022e06b70690 JavaThread "Unconstrained build operations Thread 18"        [_thread_blocked, id=8956, stack(0x000000edcc700000,0x000000edcc800000) (1024K)]
  0x0000022e06b713b0 JavaThread "Unconstrained build operations Thread 19"        [_thread_blocked, id=33588, stack(0x000000edcc800000,0x000000edcc900000) (1024K)]
  0x0000022e06b71a40 JavaThread "Unconstrained build operations Thread 20"        [_thread_blocked, id=32804, stack(0x000000edcc900000,0x000000edcca00000) (1024K)]
  0x0000022e06b70d20 JavaThread "Unconstrained build operations Thread 21"        [_thread_blocked, id=34244, stack(0x000000edcca00000,0x000000edccb00000) (1024K)]
  0x0000022e04b50ad0 JavaThread "Unconstrained build operations Thread 22"        [_thread_blocked, id=35796, stack(0x000000edccb00000,0x000000edccc00000) (1024K)]
  0x0000022e04b51160 JavaThread "Unconstrained build operations Thread 23"        [_thread_blocked, id=31712, stack(0x000000edccc00000,0x000000edccd00000) (1024K)]
  0x0000022e04b517f0 JavaThread "Unconstrained build operations Thread 24"        [_thread_blocked, id=24628, stack(0x000000edccd00000,0x000000edcce00000) (1024K)]
  0x0000022e04b52510 JavaThread "Memory manager"                    [_thread_blocked, id=2636, stack(0x000000edcce00000,0x000000edccf00000) (1024K)]
Total: 57

Other Threads:
  0x0000022e3bdb3b80 VMThread "VM Thread"                           [id=25328, stack(0x000000edc8e00000,0x000000edc8f00000) (1024K)]
  0x0000022e3bd9ff00 WatcherThread "VM Periodic Task Thread"        [id=19920, stack(0x000000edc8d00000,0x000000edc8e00000) (1024K)]
  0x0000022e1f805580 WorkerThread "GC Thread#0"                     [id=19376, stack(0x000000edc8800000,0x000000edc8900000) (1024K)]
  0x0000022e3bdb30a0 WorkerThread "GC Thread#1"                     [id=30036, stack(0x000000edc9900000,0x000000edc9a00000) (1024K)]
  0x0000022e3bdb3440 WorkerThread "GC Thread#2"                     [id=39300, stack(0x000000edc9a00000,0x000000edc9b00000) (1024K)]
  0x0000022e3bdb2220 WorkerThread "GC Thread#3"                     [id=8900, stack(0x000000edc9b00000,0x000000edc9c00000) (1024K)]
  0x0000022e3bdb25c0 WorkerThread "GC Thread#4"                     [id=19344, stack(0x000000edc9c00000,0x000000edc9d00000) (1024K)]
  0x0000022e3bdb2d00 WorkerThread "GC Thread#5"                     [id=6960, stack(0x000000edc9d00000,0x000000edc9e00000) (1024K)]
  0x0000022e04d08ad0 WorkerThread "GC Thread#6"                     [id=27376, stack(0x000000edcab00000,0x000000edcac00000) (1024K)]
  0x0000022e04d09cf0 WorkerThread "GC Thread#7"                     [id=4956, stack(0x000000edcac00000,0x000000edcad00000) (1024K)]
  0x0000022e1f816310 ConcurrentGCThread "G1 Main Marker"            [id=34260, stack(0x000000edc8900000,0x000000edc8a00000) (1024K)]
  0x0000022e1f817140 WorkerThread "G1 Conc#0"                       [id=28648, stack(0x000000edc8a00000,0x000000edc8b00000) (1024K)]
  0x0000022e04d095b0 WorkerThread "G1 Conc#1"                       [id=31200, stack(0x000000edcad00000,0x000000edcae00000) (1024K)]
  0x0000022e1f83e930 ConcurrentGCThread "G1 Refine#0"               [id=25392, stack(0x000000edc8b00000,0x000000edc8c00000) (1024K)]
  0x0000022e3bc760e0 ConcurrentGCThread "G1 Service"                [id=36900, stack(0x000000edc8c00000,0x000000edc8d00000) (1024K)]
Total: 15

Threads with active compile tasks:
C2 CompilerThread0  19500 8834   !   4       jdk.internal.loader.Resource::getBytes (244 bytes)
Total: 1

VM state: not at safepoint (normal execution)

VM Mutex/Monitor currently owned by a thread: None

Heap address: 0x0000000080000000, size: 2048 MB, Compressed Oops mode: 32-bit

CDS archive(s) mapped at: [0x0000022e3d000000-0x0000022e3dc80000-0x0000022e3dc80000), size 13107200, SharedBaseAddress: 0x0000022e3d000000, ArchiveRelocationMode: 1.
Compressed class space mapped at: 0x0000022e3e000000-0x0000022e7e000000, reserved size: 1073741824
Narrow klass base: 0x0000022e3d000000, Narrow klass shift: 0, Narrow klass range: 0x100000000

GC Precious Log:
 CardTable entry size: 512
 Card Set container configuration: InlinePtr #cards 5 size 8 Array Of Cards #cards 12 size 40 Howl #buckets 4 coarsen threshold 1843 Howl Bitmap #cards 512 size 80 coarsen threshold 460 Card regions per heap region 1 cards per card region 2048
 CPUs: 8 total, 8 available
 Memory: 5965M
 Large Page Support: Disabled
 NUMA Support: Disabled
 Compressed Oops: Enabled (32-bit)
 Heap Region Size: 1M
 Heap Min Capacity: 8M
 Heap Initial Capacity: 94M
 Heap Max Capacity: 2G
 Pre-touch: Disabled
 Parallel Workers: 8
 Concurrent Workers: 2
 Concurrent Refinement Workers: 8
 Periodic GC: Disabled

Heap:
 garbage-first heap   total 116736K, used 100350K [0x0000000080000000, 0x0000000100000000)
  region size 1024K, 32 young (32768K), 3 survivors (3072K)
 Metaspace       used 66129K, committed 68224K, reserved 1114112K
  class space    used 9313K, committed 10368K, reserved 1048576K

Heap Regions: E=young(eden), S=young(survivor), O=old, HS=humongous(starts), HC=humongous(continues), CS=collection set, F=free, TAMS=top-at-mark-start, PB=parsable bottom
|   0|0x0000000080000000, 0x0000000080100000, 0x0000000080100000|100%|HS|  |TAMS 0x0000000080000000| PB 0x0000000080000000| Complete 
|   1|0x0000000080100000, 0x0000000080200000, 0x0000000080200000|100%|HC|  |TAMS 0x0000000080100000| PB 0x0000000080100000| Complete 
|   2|0x0000000080200000, 0x0000000080300000, 0x0000000080300000|100%|HC|  |TAMS 0x0000000080200000| PB 0x0000000080200000| Complete 
|   3|0x0000000080300000, 0x0000000080400000, 0x0000000080400000|100%|HC|  |TAMS 0x0000000080300000| PB 0x0000000080300000| Complete 
|   4|0x0000000080400000, 0x0000000080500000, 0x0000000080500000|100%| O|  |TAMS 0x0000000080400000| PB 0x0000000080400000| Untracked 
|   5|0x0000000080500000, 0x0000000080600000, 0x0000000080600000|100%| O|  |TAMS 0x0000000080500000| PB 0x0000000080500000| Untracked 
|   6|0x0000000080600000, 0x0000000080700000, 0x0000000080700000|100%| O|  |TAMS 0x0000000080600000| PB 0x0000000080600000| Untracked 
|   7|0x0000000080700000, 0x0000000080800000, 0x0000000080800000|100%|HS|  |TAMS 0x0000000080700000| PB 0x0000000080700000| Complete 
|   8|0x0000000080800000, 0x0000000080900000, 0x0000000080900000|100%| O|  |TAMS 0x0000000080800000| PB 0x0000000080800000| Untracked 
|   9|0x0000000080900000, 0x0000000080a00000, 0x0000000080a00000|100%| O|  |TAMS 0x0000000080900000| PB 0x0000000080900000| Untracked 
|  10|0x0000000080a00000, 0x0000000080b00000, 0x0000000080b00000|100%| O|  |TAMS 0x0000000080a00000| PB 0x0000000080a00000| Untracked 
|  11|0x0000000080b00000, 0x0000000080c00000, 0x0000000080c00000|100%| O|  |TAMS 0x0000000080b00000| PB 0x0000000080b00000| Untracked 
|  12|0x0000000080c00000, 0x0000000080d00000, 0x0000000080d00000|100%| O|  |TAMS 0x0000000080c00000| PB 0x0000000080c00000| Untracked 
|  13|0x0000000080d00000, 0x0000000080e00000, 0x0000000080e00000|100%| O|  |TAMS 0x0000000080d00000| PB 0x0000000080d00000| Untracked 
|  14|0x0000000080e00000, 0x0000000080f00000, 0x0000000080f00000|100%| O|  |TAMS 0x0000000080e00000| PB 0x0000000080e00000| Untracked 
|  15|0x0000000080f00000, 0x0000000081000000, 0x0000000081000000|100%| O|  |TAMS 0x0000000080f00000| PB 0x0000000080f00000| Untracked 
|  16|0x0000000081000000, 0x0000000081100000, 0x0000000081100000|100%| O|  |TAMS 0x0000000081000000| PB 0x0000000081000000| Untracked 
|  17|0x0000000081100000, 0x0000000081200000, 0x0000000081200000|100%| O|  |TAMS 0x0000000081100000| PB 0x0000000081100000| Untracked 
|  18|0x0000000081200000, 0x0000000081300000, 0x0000000081300000|100%| O|  |TAMS 0x0000000081200000| PB 0x0000000081200000| Untracked 
|  19|0x0000000081300000, 0x0000000081400000, 0x0000000081400000|100%| O|  |TAMS 0x0000000081300000| PB 0x0000000081300000| Untracked 
|  20|0x0000000081400000, 0x0000000081500000, 0x0000000081500000|100%| O|  |TAMS 0x0000000081400000| PB 0x0000000081400000| Untracked 
|  21|0x0000000081500000, 0x0000000081600000, 0x0000000081600000|100%| O|  |TAMS 0x0000000081500000| PB 0x0000000081500000| Untracked 
|  22|0x0000000081600000, 0x0000000081700000, 0x0000000081700000|100%| O|  |TAMS 0x0000000081600000| PB 0x0000000081600000| Untracked 
|  23|0x0000000081700000, 0x0000000081800000, 0x0000000081800000|100%| O|  |TAMS 0x0000000081700000| PB 0x0000000081700000| Untracked 
|  24|0x0000000081800000, 0x0000000081900000, 0x0000000081900000|100%| O|  |TAMS 0x0000000081800000| PB 0x0000000081800000| Untracked 
|  25|0x0000000081900000, 0x0000000081a00000, 0x0000000081a00000|100%| O|  |TAMS 0x0000000081900000| PB 0x0000000081900000| Untracked 
|  26|0x0000000081a00000, 0x0000000081b00000, 0x0000000081b00000|100%| O|  |TAMS 0x0000000081a00000| PB 0x0000000081a00000| Untracked 
|  27|0x0000000081b00000, 0x0000000081c00000, 0x0000000081c00000|100%| O|  |TAMS 0x0000000081b00000| PB 0x0000000081b00000| Untracked 
|  28|0x0000000081c00000, 0x0000000081d00000, 0x0000000081d00000|100%| O|  |TAMS 0x0000000081c00000| PB 0x0000000081c00000| Untracked 
|  29|0x0000000081d00000, 0x0000000081e00000, 0x0000000081e00000|100%| O|  |TAMS 0x0000000081d00000| PB 0x0000000081d00000| Untracked 
|  30|0x0000000081e00000, 0x0000000081f00000, 0x0000000081f00000|100%| O|  |TAMS 0x0000000081e00000| PB 0x0000000081e00000| Untracked 
|  31|0x0000000081f00000, 0x0000000082000000, 0x0000000082000000|100%| O|  |TAMS 0x0000000081f00000| PB 0x0000000081f00000| Untracked 
|  32|0x0000000082000000, 0x0000000082100000, 0x0000000082100000|100%| O|  |TAMS 0x0000000082000000| PB 0x0000000082000000| Untracked 
|  33|0x0000000082100000, 0x0000000082100000, 0x0000000082200000|  0%| F|  |TAMS 0x0000000082100000| PB 0x0000000082100000| Untracked 
|  34|0x0000000082200000, 0x0000000082300000, 0x0000000082300000|100%| O|  |TAMS 0x0000000082200000| PB 0x0000000082200000| Untracked 
|  35|0x0000000082300000, 0x0000000082400000, 0x0000000082400000|100%| O|  |TAMS 0x0000000082300000| PB 0x0000000082300000| Untracked 
|  36|0x0000000082400000, 0x0000000082500000, 0x0000000082500000|100%| O|  |TAMS 0x0000000082400000| PB 0x0000000082400000| Untracked 
|  37|0x0000000082500000, 0x0000000082500000, 0x0000000082600000|  0%| F|  |TAMS 0x0000000082500000| PB 0x0000000082500000| Untracked 
|  38|0x0000000082600000, 0x0000000082700000, 0x0000000082700000|100%| O|  |TAMS 0x0000000082600000| PB 0x0000000082600000| Untracked 
|  39|0x0000000082700000, 0x0000000082800000, 0x0000000082800000|100%| O|  |TAMS 0x0000000082700000| PB 0x0000000082700000| Untracked 
|  40|0x0000000082800000, 0x0000000082900000, 0x0000000082900000|100%| O|  |TAMS 0x0000000082800000| PB 0x0000000082800000| Untracked 
|  41|0x0000000082900000, 0x0000000082a00000, 0x0000000082a00000|100%| O|  |TAMS 0x0000000082900000| PB 0x0000000082900000| Untracked 
|  42|0x0000000082a00000, 0x0000000082b00000, 0x0000000082b00000|100%| O|  |TAMS 0x0000000082a00000| PB 0x0000000082a00000| Untracked 
|  43|0x0000000082b00000, 0x0000000082c00000, 0x0000000082c00000|100%| O|  |TAMS 0x0000000082b00000| PB 0x0000000082b00000| Untracked 
|  44|0x0000000082c00000, 0x0000000082d00000, 0x0000000082d00000|100%| O|  |TAMS 0x0000000082c00000| PB 0x0000000082c00000| Untracked 
|  45|0x0000000082d00000, 0x0000000082e00000, 0x0000000082e00000|100%|HS|  |TAMS 0x0000000082d00000| PB 0x0000000082d00000| Complete 
|  46|0x0000000082e00000, 0x0000000082f00000, 0x0000000082f00000|100%|HS|  |TAMS 0x0000000082e00000| PB 0x0000000082e00000| Complete 
|  47|0x0000000082f00000, 0x0000000083000000, 0x0000000083000000|100%| O|  |TAMS 0x0000000082f00000| PB 0x0000000082f00000| Untracked 
|  48|0x0000000083000000, 0x0000000083100000, 0x0000000083100000|100%| O|  |TAMS 0x0000000083000000| PB 0x0000000083000000| Untracked 
|  49|0x0000000083100000, 0x0000000083200000, 0x0000000083200000|100%| O|Cm|TAMS 0x0000000083100000| PB 0x0000000083100000| Complete 
|  50|0x0000000083200000, 0x0000000083300000, 0x0000000083300000|100%| O|  |TAMS 0x0000000083200000| PB 0x0000000083200000| Untracked 
|  51|0x0000000083300000, 0x0000000083400000, 0x0000000083400000|100%| O|  |TAMS 0x0000000083300000| PB 0x0000000083300000| Untracked 
|  52|0x0000000083400000, 0x0000000083500000, 0x0000000083500000|100%| O|Cm|TAMS 0x0000000083400000| PB 0x0000000083400000| Complete 
|  53|0x0000000083500000, 0x0000000083600000, 0x0000000083600000|100%|HS|  |TAMS 0x0000000083500000| PB 0x0000000083500000| Complete 
|  54|0x0000000083600000, 0x0000000083700000, 0x0000000083700000|100%|HC|  |TAMS 0x0000000083600000| PB 0x0000000083600000| Complete 
|  55|0x0000000083700000, 0x0000000083800000, 0x0000000083800000|100%|HS|  |TAMS 0x0000000083700000| PB 0x0000000083700000| Complete 
|  56|0x0000000083800000, 0x0000000083900000, 0x0000000083900000|100%|HS|  |TAMS 0x0000000083800000| PB 0x0000000083800000| Complete 
|  57|0x0000000083900000, 0x0000000083a00000, 0x0000000083a00000|100%| O|  |TAMS 0x0000000083900000| PB 0x0000000083900000| Untracked 
|  58|0x0000000083a00000, 0x0000000083b00000, 0x0000000083b00000|100%|HS|  |TAMS 0x0000000083a00000| PB 0x0000000083a00000| Complete 
|  59|0x0000000083b00000, 0x0000000083c00000, 0x0000000083c00000|100%|HS|  |TAMS 0x0000000083b00000| PB 0x0000000083b00000| Complete 
|  60|0x0000000083c00000, 0x0000000083d00000, 0x0000000083d00000|100%| O|  |TAMS 0x0000000083c00000| PB 0x0000000083c00000| Untracked 
|  61|0x0000000083d00000, 0x0000000083e00000, 0x0000000083e00000|100%| O|  |TAMS 0x0000000083d00000| PB 0x0000000083d00000| Untracked 
|  62|0x0000000083e00000, 0x0000000083f00000, 0x0000000083f00000|100%| O|  |TAMS 0x0000000083e00000| PB 0x0000000083e00000| Untracked 
|  63|0x0000000083f00000, 0x0000000084000000, 0x0000000084000000|100%| O|  |TAMS 0x0000000083f00000| PB 0x0000000083f00000| Untracked 
|  64|0x0000000084000000, 0x00000000840ce058, 0x0000000084100000| 80%| O|  |TAMS 0x0000000084000000| PB 0x0000000084000000| Untracked 
|  65|0x0000000084100000, 0x0000000084200000, 0x0000000084200000|100%|HS|  |TAMS 0x0000000084100000| PB 0x0000000084100000| Complete 
|  66|0x0000000084200000, 0x0000000084300000, 0x0000000084300000|100%|HC|  |TAMS 0x0000000084200000| PB 0x0000000084200000| Complete 
|  67|0x0000000084300000, 0x0000000084300000, 0x0000000084400000|  0%| F|  |TAMS 0x0000000084300000| PB 0x0000000084300000| Untracked 
|  68|0x0000000084400000, 0x0000000084400000, 0x0000000084500000|  0%| F|  |TAMS 0x0000000084400000| PB 0x0000000084400000| Untracked 
|  69|0x0000000084500000, 0x0000000084500000, 0x0000000084600000|  0%| F|  |TAMS 0x0000000084500000| PB 0x0000000084500000| Untracked 
|  70|0x0000000084600000, 0x0000000084600000, 0x0000000084700000|  0%| F|  |TAMS 0x0000000084600000| PB 0x0000000084600000| Untracked 
|  71|0x0000000084700000, 0x0000000084700000, 0x0000000084800000|  0%| F|  |TAMS 0x0000000084700000| PB 0x0000000084700000| Untracked 
|  72|0x0000000084800000, 0x0000000084800000, 0x0000000084900000|  0%| F|  |TAMS 0x0000000084800000| PB 0x0000000084800000| Untracked 
|  73|0x0000000084900000, 0x0000000084900000, 0x0000000084a00000|  0%| F|  |TAMS 0x0000000084900000| PB 0x0000000084900000| Untracked 
|  74|0x0000000084a00000, 0x0000000084a00000, 0x0000000084b00000|  0%| F|  |TAMS 0x0000000084a00000| PB 0x0000000084a00000| Untracked 
|  75|0x0000000084b00000, 0x0000000084b00000, 0x0000000084c00000|  0%| F|  |TAMS 0x0000000084b00000| PB 0x0000000084b00000| Untracked 
|  76|0x0000000084c00000, 0x0000000084c00000, 0x0000000084d00000|  0%| F|  |TAMS 0x0000000084c00000| PB 0x0000000084c00000| Untracked 
|  77|0x0000000084d00000, 0x0000000084d00000, 0x0000000084e00000|  0%| F|  |TAMS 0x0000000084d00000| PB 0x0000000084d00000| Untracked 
|  78|0x0000000084e00000, 0x0000000084e62b50, 0x0000000084f00000| 38%| E|  |TAMS 0x0000000084e00000| PB 0x0000000084e00000| Complete 
|  79|0x0000000084f00000, 0x0000000085000000, 0x0000000085000000|100%| E|CS|TAMS 0x0000000084f00000| PB 0x0000000084f00000| Complete 
|  80|0x0000000085000000, 0x0000000085100000, 0x0000000085100000|100%| E|CS|TAMS 0x0000000085000000| PB 0x0000000085000000| Complete 
|  81|0x0000000085100000, 0x0000000085200000, 0x0000000085200000|100%| E|CS|TAMS 0x0000000085100000| PB 0x0000000085100000| Complete 
|  82|0x0000000085200000, 0x0000000085300000, 0x0000000085300000|100%| E|CS|TAMS 0x0000000085200000| PB 0x0000000085200000| Complete 
|  83|0x0000000085300000, 0x0000000085400000, 0x0000000085400000|100%| E|CS|TAMS 0x0000000085300000| PB 0x0000000085300000| Complete 
|  84|0x0000000085400000, 0x0000000085500000, 0x0000000085500000|100%| E|CS|TAMS 0x0000000085400000| PB 0x0000000085400000| Complete 
|  85|0x0000000085500000, 0x0000000085531a88, 0x0000000085600000| 19%| S|CS|TAMS 0x0000000085500000| PB 0x0000000085500000| Complete 
|  86|0x0000000085600000, 0x0000000085700000, 0x0000000085700000|100%| S|CS|TAMS 0x0000000085600000| PB 0x0000000085600000| Complete 
|  87|0x0000000085700000, 0x0000000085800000, 0x0000000085800000|100%| S|CS|TAMS 0x0000000085700000| PB 0x0000000085700000| Complete 
|  88|0x0000000085800000, 0x0000000085900000, 0x0000000085900000|100%| E|CS|TAMS 0x0000000085800000| PB 0x0000000085800000| Complete 
|  89|0x0000000085900000, 0x0000000085a00000, 0x0000000085a00000|100%| E|CS|TAMS 0x0000000085900000| PB 0x0000000085900000| Complete 
|  90|0x0000000085a00000, 0x0000000085b00000, 0x0000000085b00000|100%| E|CS|TAMS 0x0000000085a00000| PB 0x0000000085a00000| Complete 
|  91|0x0000000085b00000, 0x0000000085c00000, 0x0000000085c00000|100%| E|CS|TAMS 0x0000000085b00000| PB 0x0000000085b00000| Complete 
|  92|0x0000000085c00000, 0x0000000085d00000, 0x0000000085d00000|100%| E|CS|TAMS 0x0000000085c00000| PB 0x0000000085c00000| Complete 
|  93|0x0000000085d00000, 0x0000000085e00000, 0x0000000085e00000|100%| E|CS|TAMS 0x0000000085d00000| PB 0x0000000085d00000| Complete 
|  94|0x0000000085e00000, 0x0000000085f00000, 0x0000000085f00000|100%| E|CS|TAMS 0x0000000085e00000| PB 0x0000000085e00000| Complete 
|  95|0x0000000085f00000, 0x0000000086000000, 0x0000000086000000|100%| E|CS|TAMS 0x0000000085f00000| PB 0x0000000085f00000| Complete 
|  96|0x0000000086000000, 0x0000000086100000, 0x0000000086100000|100%| E|CS|TAMS 0x0000000086000000| PB 0x0000000086000000| Complete 
|  97|0x0000000086100000, 0x0000000086200000, 0x0000000086200000|100%| E|CS|TAMS 0x0000000086100000| PB 0x0000000086100000| Complete 
|  98|0x0000000086200000, 0x0000000086300000, 0x0000000086300000|100%| E|CS|TAMS 0x0000000086200000| PB 0x0000000086200000| Complete 
|  99|0x0000000086300000, 0x0000000086400000, 0x0000000086400000|100%| E|CS|TAMS 0x0000000086300000| PB 0x0000000086300000| Complete 
| 100|0x0000000086400000, 0x0000000086500000, 0x0000000086500000|100%| E|CS|TAMS 0x0000000086400000| PB 0x0000000086400000| Complete 
| 101|0x0000000086500000, 0x0000000086600000, 0x0000000086600000|100%| E|CS|TAMS 0x0000000086500000| PB 0x0000000086500000| Complete 
| 102|0x0000000086600000, 0x0000000086700000, 0x0000000086700000|100%| E|CS|TAMS 0x0000000086600000| PB 0x0000000086600000| Complete 
| 103|0x0000000086700000, 0x0000000086800000, 0x0000000086800000|100%| E|CS|TAMS 0x0000000086700000| PB 0x0000000086700000| Complete 
| 104|0x0000000086800000, 0x0000000086900000, 0x0000000086900000|100%| E|CS|TAMS 0x0000000086800000| PB 0x0000000086800000| Complete 
| 105|0x0000000086900000, 0x0000000086a00000, 0x0000000086a00000|100%| E|CS|TAMS 0x0000000086900000| PB 0x0000000086900000| Complete 
| 106|0x0000000086a00000, 0x0000000086b00000, 0x0000000086b00000|100%| E|CS|TAMS 0x0000000086a00000| PB 0x0000000086a00000| Complete 
| 107|0x0000000086b00000, 0x0000000086c00000, 0x0000000086c00000|100%| E|CS|TAMS 0x0000000086b00000| PB 0x0000000086b00000| Complete 
| 108|0x0000000086c00000, 0x0000000086d00000, 0x0000000086d00000|100%| E|CS|TAMS 0x0000000086c00000| PB 0x0000000086c00000| Complete 
| 109|0x0000000086d00000, 0x0000000086e00000, 0x0000000086e00000|100%| E|CS|TAMS 0x0000000086d00000| PB 0x0000000086d00000| Complete 
| 110|0x0000000086e00000, 0x0000000086f00000, 0x0000000086f00000|100%| E|CS|TAMS 0x0000000086e00000| PB 0x0000000086e00000| Complete 
|2045|0x00000000ffd00000, 0x00000000ffe00000, 0x00000000ffe00000|100%| O|  |TAMS 0x00000000ffd00000| PB 0x00000000ffd00000| Untracked 
|2046|0x00000000ffe00000, 0x00000000fff00000, 0x00000000fff00000|100%| O|  |TAMS 0x00000000ffe00000| PB 0x00000000ffe00000| Untracked 
|2047|0x00000000fff00000, 0x0000000100000000, 0x0000000100000000|100%| O|  |TAMS 0x00000000fff00000| PB 0x00000000fff00000| Untracked 

Card table byte_map: [0x0000022e375c0000,0x0000022e379c0000] _byte_map_base: 0x0000022e371c0000

Marking Bits: (CMBitMap*) 0x0000022e1f805a30
 Bits: [0x0000022e379c0000, 0x0000022e399c0000)

Polling page: 0x0000022e1d570000

Metaspace:

Usage:
  Non-class:     55.51 MB used.
      Class:      9.10 MB used.
       Both:     64.60 MB used.

Virtual space:
  Non-class space:       64.00 MB reserved,      56.56 MB ( 88%) committed,  1 nodes.
      Class space:        1.00 GB reserved,      10.12 MB ( <1%) committed,  1 nodes.
             Both:        1.06 GB reserved,      66.69 MB (  6%) committed. 

Chunk freelists:
   Non-Class:  7.00 MB
       Class:  5.75 MB
        Both:  12.74 MB

MaxMetaspaceSize: unlimited
CompressedClassSpaceSize: 1.00 GB
Initial GC threshold: 21.00 MB
Current GC threshold: 101.88 MB
CDS: on
 - commit_granule_bytes: 65536.
 - commit_granule_words: 8192.
 - virtual_space_node_default_size: 8388608.
 - enlarge_chunks_in_place: 1.
 - use_allocation_guard: 0.


Internal statistics:

num_allocs_failed_limit: 6.
num_arena_births: 3640.
num_arena_deaths: 0.
num_vsnodes_births: 2.
num_vsnodes_deaths: 0.
num_space_committed: 1067.
num_space_uncommitted: 0.
num_chunks_returned_to_freelist: 6.
num_chunks_taken_from_freelist: 6827.
num_chunk_merges: 6.
num_chunk_splits: 4422.
num_chunks_enlarged: 2724.
num_inconsistent_stats: 0.

CodeHeap 'non-profiled nmethods': size=120000Kb used=3794Kb max_used=3858Kb free=116205Kb
 bounds [0x0000022e2f950000, 0x0000022e2fd20000, 0x0000022e36e80000]
CodeHeap 'profiled nmethods': size=120000Kb used=13557Kb max_used=14301Kb free=106442Kb
 bounds [0x0000022e27e80000, 0x0000022e28c80000, 0x0000022e2f3b0000]
CodeHeap 'non-nmethods': size=5760Kb used=1937Kb max_used=1941Kb free=3822Kb
 bounds [0x0000022e2f3b0000, 0x0000022e2f620000, 0x0000022e2f950000]
CodeCache: size=245760Kb, used=19288Kb, max_used=20100Kb, free=226469Kb
 total_blobs=8390, nmethods=7590, adapters=703, full_count=0
Compilation: enabled, stopped_count=0, restarted_count=0

Compilation events (20 events):
Event: 17.397 Thread 0x0000022e3c479910 8870       3       javax.management.StandardMBean::equal (23 bytes)
Event: 17.397 Thread 0x0000022e3c479910 nmethod 8870 0x0000022e28a69c10 code [0x0000022e28a69de0, 0x0000022e28a6a080]
Event: 17.398 Thread 0x0000022e3c479910 8871       3       javax.management.ImmutableDescriptor::getFieldValue (87 bytes)
Event: 17.398 Thread 0x0000022e3c479910 nmethod 8871 0x0000022e2857ac10 code [0x0000022e2857aee0, 0x0000022e2857bb10]
Event: 17.399 Thread 0x0000022e3c479910 8872       3       javax.management.ImmutableDescriptor::checkIllegalFieldName (18 bytes)
Event: 17.399 Thread 0x0000022e3c479910 nmethod 8872 0x0000022e28052a90 code [0x0000022e28052c80, 0x0000022e28053030]
Event: 17.399 Thread 0x0000022e3c479910 8873       3       java.util.TreeMap::entrySet (27 bytes)
Event: 17.399 Thread 0x0000022e3c479910 nmethod 8873 0x0000022e2807ce10 code [0x0000022e2807cfe0, 0x0000022e2807d3c0]
Event: 17.399 Thread 0x0000022e3c479910 8874       3       java.util.TreeMap::containsKey (14 bytes)
Event: 17.399 Thread 0x0000022e3c479910 nmethod 8874 0x0000022e2897f190 code [0x0000022e2897f340, 0x0000022e2897f4c8]
Event: 17.403 Thread 0x0000022e3c479910 8875       1       javax.management.MBeanFeatureInfo::getName (5 bytes)
Event: 17.403 Thread 0x0000022e3c479910 nmethod 8875 0x0000022e2fa9b510 code [0x0000022e2fa9b6a0, 0x0000022e2fa9b768]
Event: 17.403 Thread 0x0000022e3c479910 8876       1       java.util.logging.Level::intValue (5 bytes)
Event: 17.403 Thread 0x0000022e3c479910 nmethod 8876 0x0000022e2fa9b210 code [0x0000022e2fa9b3a0, 0x0000022e2fa9b468]
Event: 17.791 Thread 0x0000022e3c479910 8878       3       sun.management.spi.PlatformMBeanProvider$PlatformComponent::getMBeans (87 bytes)
Event: 17.792 Thread 0x0000022e3c479910 nmethod 8878 0x0000022e2881ee90 code [0x0000022e2881f220, 0x0000022e28820898]
Event: 17.792 Thread 0x0000022e3c479910 8879       3       java.lang.management.ManagementFactory$$Lambda/0x0000022e3e0727d0::apply (12 bytes)
Event: 17.792 Thread 0x0000022e3c479910 nmethod 8879 0x0000022e280b5f90 code [0x0000022e280b6160, 0x0000022e280b6570]
Event: 17.792 Thread 0x0000022e3c479910 8880       3       java.lang.invoke.DirectMethodHandle$Holder::invokeStatic (17 bytes)
Event: 17.793 Thread 0x0000022e3c479910 nmethod 8880 0x0000022e28164390 code [0x0000022e28164560, 0x0000022e28164a70]

GC Heap History (20 events):
Event: 11.901 GC heap before
{Heap before GC invocations=14 (full 0):
 garbage-first heap   total 86016K, used 77781K [0x0000000080000000, 0x0000000100000000)
  region size 1024K, 42 young (43008K), 5 survivors (5120K)
 Metaspace       used 53933K, committed 55808K, reserved 1114112K
  class space    used 7877K, committed 8832K, reserved 1048576K
}
Event: 11.909 GC heap after
{Heap after GC invocations=15 (full 0):
 garbage-first heap   total 89088K, used 45895K [0x0000000080000000, 0x0000000100000000)
  region size 1024K, 6 young (6144K), 6 survivors (6144K)
 Metaspace       used 53933K, committed 55808K, reserved 1114112K
  class space    used 7877K, committed 8832K, reserved 1048576K
}
Event: 12.557 GC heap before
{Heap before GC invocations=15 (full 0):
 garbage-first heap   total 89088K, used 76615K [0x0000000080000000, 0x0000000100000000)
  region size 1024K, 37 young (37888K), 6 survivors (6144K)
 Metaspace       used 54299K, committed 56192K, reserved 1114112K
  class space    used 7877K, committed 8832K, reserved 1048576K
}
Event: 12.564 GC heap after
{Heap after GC invocations=16 (full 0):
 garbage-first heap   total 89088K, used 49284K [0x0000000080000000, 0x0000000100000000)
  region size 1024K, 5 young (5120K), 5 survivors (5120K)
 Metaspace       used 54299K, committed 56192K, reserved 1114112K
  class space    used 7877K, committed 8832K, reserved 1048576K
}
Event: 13.139 GC heap before
{Heap before GC invocations=16 (full 0):
 garbage-first heap   total 89088K, used 76932K [0x0000000080000000, 0x0000000100000000)
  region size 1024K, 33 young (33792K), 5 survivors (5120K)
 Metaspace       used 54591K, committed 56512K, reserved 1114112K
  class space    used 7878K, committed 8832K, reserved 1048576K
}
Event: 13.145 GC heap after
{Heap after GC invocations=17 (full 0):
 garbage-first heap   total 89088K, used 51154K [0x0000000080000000, 0x0000000100000000)
  region size 1024K, 4 young (4096K), 4 survivors (4096K)
 Metaspace       used 54591K, committed 56512K, reserved 1114112K
  class space    used 7878K, committed 8832K, reserved 1048576K
}
Event: 13.553 GC heap before
{Heap before GC invocations=18 (full 0):
 garbage-first heap   total 89088K, used 77778K [0x0000000080000000, 0x0000000100000000)
  region size 1024K, 31 young (31744K), 4 survivors (4096K)
 Metaspace       used 54642K, committed 56512K, reserved 1114112K
  class space    used 7886K, committed 8832K, reserved 1048576K
}
Event: 13.558 GC heap after
{Heap after GC invocations=19 (full 0):
 garbage-first heap   total 89088K, used 52843K [0x0000000080000000, 0x0000000100000000)
  region size 1024K, 4 young (4096K), 4 survivors (4096K)
 Metaspace       used 54642K, committed 56512K, reserved 1114112K
  class space    used 7886K, committed 8832K, reserved 1048576K
}
Event: 14.099 GC heap before
{Heap before GC invocations=19 (full 0):
 garbage-first heap   total 89088K, used 80491K [0x0000000080000000, 0x0000000100000000)
  region size 1024K, 30 young (30720K), 4 survivors (4096K)
 Metaspace       used 55195K, committed 57024K, reserved 1114112K
  class space    used 7982K, committed 8896K, reserved 1048576K
}
Event: 14.104 GC heap after
{Heap after GC invocations=20 (full 0):
 garbage-first heap   total 89088K, used 56235K [0x0000000080000000, 0x0000000100000000)
  region size 1024K, 4 young (4096K), 4 survivors (4096K)
 Metaspace       used 55195K, committed 57024K, reserved 1114112K
  class space    used 7982K, committed 8896K, reserved 1048576K
}
Event: 14.139 GC heap before
{Heap before GC invocations=20 (full 0):
 garbage-first heap   total 89088K, used 57259K [0x0000000080000000, 0x0000000100000000)
  region size 1024K, 6 young (6144K), 4 survivors (4096K)
 Metaspace       used 55275K, committed 57152K, reserved 1114112K
  class space    used 7999K, committed 8960K, reserved 1048576K
}
Event: 14.142 GC heap after
{Heap after GC invocations=21 (full 0):
 garbage-first heap   total 89088K, used 57123K [0x0000000080000000, 0x0000000100000000)
  region size 1024K, 1 young (1024K), 1 survivors (1024K)
 Metaspace       used 55275K, committed 57152K, reserved 1114112K
  class space    used 7999K, committed 8960K, reserved 1048576K
}
Event: 14.986 GC heap before
{Heap before GC invocations=22 (full 0):
 garbage-first heap   total 101376K, used 85795K [0x0000000080000000, 0x0000000100000000)
  region size 1024K, 23 young (23552K), 1 survivors (1024K)
 Metaspace       used 56337K, committed 58304K, reserved 1114112K
  class space    used 8119K, committed 9088K, reserved 1048576K
}
Event: 14.988 GC heap after
{Heap after GC invocations=23 (full 0):
 garbage-first heap   total 101376K, used 68280K [0x0000000080000000, 0x0000000100000000)
  region size 1024K, 3 young (3072K), 3 survivors (3072K)
 Metaspace       used 56337K, committed 58304K, reserved 1114112K
  class space    used 8119K, committed 9088K, reserved 1048576K
}
Event: 15.619 GC heap before
{Heap before GC invocations=23 (full 0):
 garbage-first heap   total 101376K, used 88760K [0x0000000080000000, 0x0000000100000000)
  region size 1024K, 24 young (24576K), 3 survivors (3072K)
 Metaspace       used 58147K, committed 60096K, reserved 1114112K
  class space    used 8316K, committed 9280K, reserved 1048576K
}
Event: 15.624 GC heap after
{Heap after GC invocations=24 (full 0):
 garbage-first heap   total 101376K, used 68258K [0x0000000080000000, 0x0000000100000000)
  region size 1024K, 1 young (1024K), 1 survivors (1024K)
 Metaspace       used 58147K, committed 60096K, reserved 1114112K
  class space    used 8316K, committed 9280K, reserved 1048576K
}
Event: 16.074 GC heap before
{Heap before GC invocations=24 (full 0):
 garbage-first heap   total 101376K, used 89762K [0x0000000080000000, 0x0000000100000000)
  region size 1024K, 23 young (23552K), 1 survivors (1024K)
 Metaspace       used 60367K, committed 62272K, reserved 1114112K
  class space    used 8541K, committed 9472K, reserved 1048576K
}
Event: 16.077 GC heap after
{Heap after GC invocations=25 (full 0):
 garbage-first heap   total 101376K, used 68723K [0x0000000080000000, 0x0000000100000000)
  region size 1024K, 2 young (2048K), 2 survivors (2048K)
 Metaspace       used 60367K, committed 62272K, reserved 1114112K
  class space    used 8541K, committed 9472K, reserved 1048576K
}
Event: 16.724 GC heap before
{Heap before GC invocations=26 (full 0):
 garbage-first heap   total 116736K, used 92275K [0x0000000080000000, 0x0000000100000000)
  region size 1024K, 25 young (25600K), 2 survivors (2048K)
 Metaspace       used 62749K, committed 64768K, reserved 1114112K
  class space    used 8882K, committed 9856K, reserved 1048576K
}
Event: 16.728 GC heap after
{Heap after GC invocations=27 (full 0):
 garbage-first heap   total 116736K, used 69630K [0x0000000080000000, 0x0000000100000000)
  region size 1024K, 3 young (3072K), 3 survivors (3072K)
 Metaspace       used 62749K, committed 64768K, reserved 1114112K
  class space    used 8882K, committed 9856K, reserved 1048576K
}

Dll operation events (15 events):
Event: 0.021 Loaded shared library C:\Users\dato\.jdks\dragonwell-21.0.9\bin\java.dll
Event: 0.077 Loaded shared library C:\Users\dato\.jdks\dragonwell-21.0.9\bin\jsvml.dll
Event: 0.124 Loaded shared library C:\Users\dato\.jdks\dragonwell-21.0.9\bin\zip.dll
Event: 0.130 Loaded shared library C:\Users\dato\.jdks\dragonwell-21.0.9\bin\instrument.dll
Event: 0.142 Loaded shared library C:\Users\dato\.jdks\dragonwell-21.0.9\bin\net.dll
Event: 0.147 Loaded shared library C:\Users\dato\.jdks\dragonwell-21.0.9\bin\nio.dll
Event: 0.150 Loaded shared library C:\Users\dato\.jdks\dragonwell-21.0.9\bin\zip.dll
Event: 0.526 Loaded shared library C:\Users\dato\.jdks\dragonwell-21.0.9\bin\jimage.dll
Event: 0.897 Loaded shared library C:\Users\dato\.jdks\dragonwell-21.0.9\bin\verify.dll
Event: 0.946 Loaded shared library C:\Users\dato\.gradle\native\660c5614fbf4a5f2a75b1949f50a0caf5cd603558e7d8a26e50b933a0cfb79d1\windows-amd64\native-platform.dll
Event: 0.971 Loaded shared library C:\Users\dato\.gradle\native\0.2.8\x86_64-windows-gnu\gradle-fileevents.dll
Event: 2.726 Loaded shared library C:\Users\dato\.jdks\dragonwell-21.0.9\bin\management.dll
Event: 2.735 Loaded shared library C:\Users\dato\.jdks\dragonwell-21.0.9\bin\management_ext.dll
Event: 2.913 Loaded shared library C:\Users\dato\.jdks\dragonwell-21.0.9\bin\extnet.dll
Event: 3.238 Loaded shared library C:\Users\dato\.jdks\dragonwell-21.0.9\bin\sunmscapi.dll

Deoptimization events (20 events):
Event: 16.716 Thread 0x0000022e04088a50 DEOPT PACKING pc=0x0000022e2faf82dc sp=0x000000edca4f4240
Event: 16.716 Thread 0x0000022e04088a50 DEOPT UNPACKING pc=0x0000022e2f404422 sp=0x000000edca4f4160 mode 2
Event: 16.747 Thread 0x0000022e04088a50 Uncommon trap: trap_request=0xffffff76 fr.pc=0x0000022e2faa0d7c relative=0x000000000000061c
Event: 16.747 Thread 0x0000022e04088a50 Uncommon trap: reason=predicate action=maybe_recompile pc=0x0000022e2faa0d7c method=java.util.concurrent.CopyOnWriteArrayList.indexOfRange(Ljava/lang/Object;[Ljava/lang/Object;II)I @ 38 c2
Event: 16.747 Thread 0x0000022e04088a50 DEOPT PACKING pc=0x0000022e2faa0d7c sp=0x000000edca4f5070
Event: 16.747 Thread 0x0000022e04088a50 DEOPT UNPACKING pc=0x0000022e2f404422 sp=0x000000edca4f5010 mode 2
Event: 17.138 Thread 0x0000022e04088a50 DEOPT PACKING pc=0x0000022e28380b06 sp=0x000000edca4f6370
Event: 17.138 Thread 0x0000022e04088a50 DEOPT UNPACKING pc=0x0000022e2f404bc2 sp=0x000000edca4f5858 mode 0
Event: 17.146 Thread 0x0000022e04088a50 Uncommon trap: trap_request=0xffffff45 fr.pc=0x0000022e2fa56724 relative=0x00000000000009a4
Event: 17.146 Thread 0x0000022e04088a50 Uncommon trap: reason=unstable_if action=reinterpret pc=0x0000022e2fa56724 method=java.lang.Integer.stringSize(I)I @ 19 c2
Event: 17.146 Thread 0x0000022e04088a50 DEOPT PACKING pc=0x0000022e2fa56724 sp=0x000000edca4f6b10
Event: 17.146 Thread 0x0000022e04088a50 DEOPT UNPACKING pc=0x0000022e2f404422 sp=0x000000edca4f6a20 mode 2
Event: 17.149 Thread 0x0000022e04088a50 Uncommon trap: trap_request=0xfffffff4 fr.pc=0x0000022e2fb7b014 relative=0x0000000000000074
Event: 17.149 Thread 0x0000022e04088a50 Uncommon trap: reason=null_check action=make_not_entrant pc=0x0000022e2fb7b014 method=java.lang.Class.isAnnotation()Z @ 1 c2
Event: 17.149 Thread 0x0000022e04088a50 DEOPT PACKING pc=0x0000022e2fb7b014 sp=0x000000edca4f5a30
Event: 17.149 Thread 0x0000022e04088a50 DEOPT UNPACKING pc=0x0000022e2f404422 sp=0x000000edca4f59c0 mode 2
Event: 17.196 Thread 0x0000022e04088a50 Uncommon trap: trap_request=0xffffff45 fr.pc=0x0000022e2fa496c0 relative=0x00000000000000a0
Event: 17.196 Thread 0x0000022e04088a50 Uncommon trap: reason=unstable_if action=reinterpret pc=0x0000022e2fa496c0 method=java.lang.Integer.stringSize(I)I @ 19 c2
Event: 17.196 Thread 0x0000022e04088a50 DEOPT PACKING pc=0x0000022e2fa496c0 sp=0x000000edca4f6a70
Event: 17.196 Thread 0x0000022e04088a50 DEOPT UNPACKING pc=0x0000022e2f404422 sp=0x000000edca4f69e8 mode 2

Classes loaded (20 events):
Event: 17.397 Loading class sun/management/CompilationImpl
Event: 17.397 Loading class java/lang/management/CompilationMXBean
Event: 17.397 Loading class java/lang/management/CompilationMXBean done
Event: 17.397 Loading class sun/management/CompilationImpl done
Event: 17.398 Loading class sun/management/ManagementFactoryHelper$PlatformLoggingImpl
Event: 17.399 Loading class java/lang/management/PlatformLoggingMXBean
Event: 17.399 Loading class java/lang/management/PlatformLoggingMXBean done
Event: 17.399 Loading class sun/management/ManagementFactoryHelper$PlatformLoggingImpl done
Event: 17.399 Loading class java/util/logging/LoggingMXBean
Event: 17.399 Loading class java/util/logging/LoggingMXBean done
Event: 17.399 Loading class java/util/logging/Logging
Event: 17.400 Loading class java/util/logging/Logging done
Event: 17.400 Loading class javax/management/openmbean/OpenMBeanParameterInfoSupport
Event: 17.401 Loading class javax/management/openmbean/OpenMBeanParameterInfoSupport done
Event: 17.401 Loading class javax/management/openmbean/OpenMBeanOperationInfoSupport
Event: 17.402 Loading class javax/management/openmbean/OpenMBeanOperationInfo
Event: 17.402 Loading class javax/management/openmbean/OpenMBeanOperationInfo done
Event: 17.402 Loading class javax/management/openmbean/OpenMBeanOperationInfoSupport done
Event: 17.402 Loading class javax/management/MBeanInfo$ArrayGettersSafeAction
Event: 17.402 Loading class javax/management/MBeanInfo$ArrayGettersSafeAction done

Classes unloaded (0 events):
No events

Classes redefined (0 events):
No events

Internal exceptions (20 events):
Event: 13.790 Thread 0x0000022e04088a50 Exception <a 'java/lang/NoSuchMethodError'{0x0000000084396040}: 'java.lang.Object java.lang.invoke.DirectMethodHandle$Holder.invokeVirtual(java.lang.Object, java.lang.Object, java.lang.Object, java.lang.Object, java.lang.Object, java.lang.Object, java.lang.Object, java.lang.Object, java.lang.Object, java.lang.Object, java.lang.Object, java.lang.Object, java.lang.Object, java.lang.Object, java.lang.Object, java.lang.Object, java.lang.Object)'> (0x0000000084396040) 
thrown [s\src\hotspot\share\interpreter\li
Event: 13.791 Thread 0x0000022e04088a50 Exception <a 'java/lang/NoSuchMethodError'{0x000000008439c2f8}: 'java.lang.Object java.lang.invoke.DirectMethodHandle$Holder.invokeSpecial(java.lang.Object, java.lang.Object, java.lang.Object, java.lang.Object, java.lang.Object, java.lang.Object, java.lang.Object, java.lang.Object, java.lang.Object, java.lang.Object, java.lang.Object, java.lang.Object, java.lang.Object, java.lang.Object, java.lang.Object, java.lang.Object, java.lang.Object, java.lang.Object)'> (0x000000008439c2f8) 
thrown [s\src\hotspot\sh
Event: 13.791 Thread 0x0000022e04088a50 Exception <a 'java/lang/NoSuchMethodError'{0x00000000843a1db0}: 'java.lang.Object java.lang.invoke.DelegatingMethodHandle$Holder.reinvoke_L(java.lang.Object, java.lang.Object, java.lang.Object, java.lang.Object, java.lang.Object, java.lang.Object, java.lang.Object, java.lang.Object, java.lang.Object, java.lang.Object, java.lang.Object, java.lang.Object, java.lang.Object, java.lang.Object, java.lang.Object, java.lang.Object, java.lang.Object)'> (0x00000000843a1db0) 
thrown [s\src\hotspot\share\interpreter\l
Event: 13.810 Thread 0x0000022e04088a50 Exception <a 'java/lang/NoSuchMethodError'{0x000000008426c410}: 'void java.lang.invoke.DirectMethodHandle$Holder.invokeInterface(java.lang.Object, java.lang.Object, java.lang.Object, java.lang.Object)'> (0x000000008426c410) 
thrown [s\src\hotspot\share\interpreter\linkResolver.cpp, line 773]
Event: 14.039 Thread 0x0000022e04088a50 Exception <a 'java/lang/NoSuchMethodError'{0x0000000083cb53e8}: 'void java.lang.invoke.Invokers$Holder.invoke_MT(java.lang.Object, java.lang.Object, java.lang.Object, java.lang.Object)'> (0x0000000083cb53e8) 
thrown [s\src\hotspot\share\interpreter\linkResolver.cpp, line 773]
Event: 14.050 Thread 0x0000022e04088a50 Exception <a 'java/lang/NoSuchMethodError'{0x0000000083b24938}: 'java.lang.Object java.lang.invoke.DirectMethodHandle$Holder.invokeStaticInit(java.lang.Object, java.lang.Object, java.lang.Object, java.lang.Object, java.lang.Object, java.lang.Object, java.lang.Object)'> (0x0000000083b24938) 
thrown [s\src\hotspot\share\interpreter\linkResolver.cpp, line 773]
Event: 14.055 Thread 0x0000022e04088a50 Exception <a 'java/lang/NoSuchMethodError'{0x0000000083b4d558}: 'java.lang.Object java.lang.invoke.DirectMethodHandle$Holder.invokeSpecial(java.lang.Object, java.lang.Object, java.lang.Object, int, java.lang.Object, java.lang.Object)'> (0x0000000083b4d558) 
thrown [s\src\hotspot\share\interpreter\linkResolver.cpp, line 773]
Event: 14.510 Thread 0x0000022e04088a50 Exception <a 'java/lang/ClassNotFoundException'{0x0000000085aa0de8}: org/gradle/api/internal/plugins/DefaultObjectConfigurationActionBeanInfo> (0x0000000085aa0de8) 
thrown [s\src\hotspot\share\classfile\systemDictionary.cpp, line 312]
Event: 14.512 Thread 0x0000022e04088a50 Exception <a 'java/lang/ClassNotFoundException'{0x0000000085ab8628}: org/gradle/api/internal/plugins/DefaultObjectConfigurationActionCustomizer> (0x0000000085ab8628) 
thrown [s\src\hotspot\share\classfile\systemDictionary.cpp, line 312]
Event: 15.370 Thread 0x0000022e04088a50 Exception <a 'java/lang/NoSuchMethodError'{0x00000000852a1980}: 'int java.lang.invoke.DirectMethodHandle$Holder.invokeSpecialIFC(java.lang.Object, java.lang.Object, java.lang.Object, java.lang.Object, java.lang.Object)'> (0x00000000852a1980) 
thrown [s\src\hotspot\share\interpreter\linkResolver.cpp, line 773]
Event: 16.663 Thread 0x0000022e04088a50 Exception <a 'java/lang/NoSuchMethodError'{0x0000000085af90f8}: 'java.lang.Object java.lang.invoke.DirectMethodHandle$Holder.newInvokeSpecial(java.lang.Object, java.lang.Object, java.lang.Object, java.lang.Object, java.lang.Object, java.lang.Object, java.lang.Object, java.lang.Object, java.lang.Object, java.lang.Object, java.lang.Object, java.lang.Object, java.lang.Object, java.lang.Object, java.lang.Object, java.lang.Object)'> (0x0000000085af90f8) 
thrown [s\src\hotspot\share\interpreter\linkResolver.cpp,
Event: 16.664 Thread 0x0000022e04088a50 Exception <a 'java/lang/NoSuchMethodError'{0x0000000085affd70}: 'java.lang.Object java.lang.invoke.DirectMethodHandle$Holder.invokeSpecial(java.lang.Object, java.lang.Object, java.lang.Object, java.lang.Object, java.lang.Object, java.lang.Object, java.lang.Object, java.lang.Object, java.lang.Object, java.lang.Object, java.lang.Object, java.lang.Object, java.lang.Object, java.lang.Object, java.lang.Object, java.lang.Object, java.lang.Object)'> (0x0000000085affd70) 
thrown [s\src\hotspot\share\interpreter\li
Event: 16.664 Thread 0x0000022e04088a50 Exception <a 'java/lang/NoSuchMethodError'{0x0000000085905e68}: 'java.lang.Object java.lang.invoke.DelegatingMethodHandle$Holder.reinvoke_L(java.lang.Object, java.lang.Object, java.lang.Object, java.lang.Object, java.lang.Object, java.lang.Object, java.lang.Object, java.lang.Object, java.lang.Object, java.lang.Object, java.lang.Object, java.lang.Object, java.lang.Object, java.lang.Object, java.lang.Object, java.lang.Object)'> (0x0000000085905e68) 
thrown [s\src\hotspot\share\interpreter\linkResolver.cpp, l
Event: 17.301 Thread 0x0000022e04088a50 Exception <a 'java/lang/NoSuchMethodError'{0x0000000085496758}: static Lorg/jetbrains/kotlin/gradle/plugin/internal/DefaultProjectIsolationStartParameterAccessor$Factory;.<clinit>()V> (0x0000000085496758) 
thrown [s\src\hotspot\share\prims\jni.cpp, line 1111]
Event: 17.304 Thread 0x0000022e04088a50 Exception <a 'java/lang/NoSuchMethodError'{0x00000000854bbdb0}: static Lorg/jetbrains/kotlin/gradle/plugin/internal/DefaultJavaExecTaskParametersCompatibility$Factory;.<clinit>()V> (0x00000000854bbdb0) 
thrown [s\src\hotspot\share\prims\jni.cpp, line 1111]
Event: 17.307 Thread 0x0000022e04088a50 Exception <a 'java/lang/NoSuchMethodError'{0x00000000854f0f58}: static Lorg/jetbrains/kotlin/gradle/plugin/internal/DefaultMavenPublicationComponentAccessorFactory;.<clinit>()V> (0x00000000854f0f58) 
thrown [s\src\hotspot\share\prims\jni.cpp, line 1111]
Event: 17.309 Thread 0x0000022e04088a50 Exception <a 'java/lang/NoSuchMethodError'{0x0000000085315530}: static Lorg/jetbrains/kotlin/gradle/plugin/diagnostics/DefaultProblemsReporter$Factory;.<clinit>()V> (0x0000000085315530) 
thrown [s\src\hotspot\share\prims\jni.cpp, line 1111]
Event: 17.311 Thread 0x0000022e04088a50 Exception <a 'java/lang/NoSuchMethodError'{0x0000000085346180}: static Lorg/jetbrains/kotlin/gradle/plugin/internal/DefaultCompatibilityConventionRegistrar$Factory;.<clinit>()V> (0x0000000085346180) 
thrown [s\src\hotspot\share\prims\jni.cpp, line 1111]
Event: 17.313 Thread 0x0000022e04088a50 Exception <a 'java/lang/NoSuchMethodError'{0x000000008536a0b8}: static Lorg/jetbrains/kotlin/gradle/plugin/internal/DefaultConfigurationCacheStartParameterAccessorVariantFactory;.<clinit>()V> (0x000000008536a0b8) 
thrown [s\src\hotspot\share\prims\jni.cpp, line 1111]
Event: 17.362 Thread 0x0000022e04088a50 Exception <a 'java/lang/IncompatibleClassChangeError'{0x00000000852f82e8}: Found class java.lang.Object, but interface was expected> (0x00000000852f82e8) 
thrown [s\src\hotspot\share\interpreter\linkResolver.cpp, line 840]

ZGC Phase Switch (0 events):
No events

VM Operations (20 events):
Event: 14.988 Executing VM operation: G1CollectForAllocation (G1 Evacuation Pause) done
Event: 15.619 Executing VM operation: G1CollectForAllocation (G1 Evacuation Pause)
Event: 15.624 Executing VM operation: G1CollectForAllocation (G1 Evacuation Pause) done
Event: 16.074 Executing VM operation: G1CollectForAllocation (G1 Evacuation Pause)
Event: 16.077 Executing VM operation: G1CollectForAllocation (G1 Evacuation Pause) done
Event: 16.118 Executing VM operation: G1PauseRemark
Event: 16.254 Executing VM operation: G1PauseRemark done
Event: 16.267 Executing VM operation: G1PauseCleanup
Event: 16.267 Executing VM operation: G1PauseCleanup done
Event: 16.345 Executing VM operation: HandshakeAllThreads (Deoptimize)
Event: 16.345 Executing VM operation: HandshakeAllThreads (Deoptimize) done
Event: 16.672 Executing VM operation: HandshakeAllThreads (Deoptimize)
Event: 16.672 Executing VM operation: HandshakeAllThreads (Deoptimize) done
Event: 16.724 Executing VM operation: G1CollectForAllocation (G1 Evacuation Pause)
Event: 16.728 Executing VM operation: G1CollectForAllocation (G1 Evacuation Pause) done
Event: 17.136 Executing VM operation: HandshakeAllThreads (Deoptimize)
Event: 17.136 Executing VM operation: HandshakeAllThreads (Deoptimize) done
Event: 17.251 Executing VM operation: HandshakeAllThreads (Deoptimize)
Event: 17.251 Executing VM operation: HandshakeAllThreads (Deoptimize) done
Event: 18.263 Executing VM operation: Cleanup

Memory protections (0 events):
No events

Nmethod flushes (20 events):
Event: 16.122 Thread 0x0000022e3bdb3b80 flushing  nmethod 0x0000022e287f5e10
Event: 16.122 Thread 0x0000022e3bdb3b80 flushing  nmethod 0x0000022e2880e710
Event: 16.122 Thread 0x0000022e3bdb3b80 flushing  nmethod 0x0000022e2882bd10
Event: 16.122 Thread 0x0000022e3bdb3b80 flushing  nmethod 0x0000022e2883ed10
Event: 16.122 Thread 0x0000022e3bdb3b80 flushing  nmethod 0x0000022e2888db90
Event: 16.122 Thread 0x0000022e3bdb3b80 flushing  nmethod 0x0000022e288b9c90
Event: 16.122 Thread 0x0000022e3bdb3b80 flushing  nmethod 0x0000022e288bdc10
Event: 16.122 Thread 0x0000022e3bdb3b80 flushing  nmethod 0x0000022e28944b90
Event: 16.122 Thread 0x0000022e3bdb3b80 flushing  nmethod 0x0000022e28945e90
Event: 16.122 Thread 0x0000022e3bdb3b80 flushing  nmethod 0x0000022e28948710
Event: 16.122 Thread 0x0000022e3bdb3b80 flushing  nmethod 0x0000022e2894ac10
Event: 16.122 Thread 0x0000022e3bdb3b80 flushing  nmethod 0x0000022e2894d890
Event: 16.122 Thread 0x0000022e3bdb3b80 flushing  nmethod 0x0000022e2899f090
Event: 16.122 Thread 0x0000022e3bdb3b80 flushing  nmethod 0x0000022e289a0910
Event: 16.122 Thread 0x0000022e3bdb3b80 flushing  nmethod 0x0000022e289c4c10
Event: 16.122 Thread 0x0000022e3bdb3b80 flushing  nmethod 0x0000022e289c5010
Event: 16.122 Thread 0x0000022e3bdb3b80 flushing  nmethod 0x0000022e289c7690
Event: 16.122 Thread 0x0000022e3bdb3b80 flushing  nmethod 0x0000022e289c8610
Event: 16.122 Thread 0x0000022e3bdb3b80 flushing  nmethod 0x0000022e289c8b10
Event: 16.122 Thread 0x0000022e3bdb3b80 flushing  nmethod 0x0000022e289c9290

Events (20 events):
Event: 11.541 Thread 0x0000022e04088a50 Thread added: 0x0000022e06b6b140
Event: 11.541 Thread 0x0000022e04088a50 Thread added: 0x0000022e06b6be60
Event: 11.541 Thread 0x0000022e04088a50 Thread added: 0x0000022e06b6c4f0
Event: 11.542 Thread 0x0000022e04088a50 Thread added: 0x0000022e06b6a420
Event: 11.542 Thread 0x0000022e04088a50 Thread added: 0x0000022e06b6df30
Event: 11.773 Thread 0x0000022e04088a50 Thread added: 0x0000022e06b6aab0
Event: 11.775 Thread 0x0000022e04088a50 Thread added: 0x0000022e06b6e5c0
Event: 11.779 Thread 0x0000022e04088a50 Thread added: 0x0000022e06b6ec50
Event: 11.782 Thread 0x0000022e04088a50 Thread added: 0x0000022e06b6f2e0
Event: 11.786 Thread 0x0000022e04088a50 Thread added: 0x0000022e06b6f970
Event: 11.788 Thread 0x0000022e04088a50 Thread added: 0x0000022e06b70000
Event: 11.791 Thread 0x0000022e04088a50 Thread added: 0x0000022e06b6cb80
Event: 12.264 Thread 0x0000022e04088a50 Thread added: 0x0000022e06b70690
Event: 12.265 Thread 0x0000022e04088a50 Thread added: 0x0000022e06b713b0
Event: 12.266 Thread 0x0000022e04088a50 Thread added: 0x0000022e06b71a40
Event: 12.267 Thread 0x0000022e04088a50 Thread added: 0x0000022e06b70d20
Event: 12.268 Thread 0x0000022e04088a50 Thread added: 0x0000022e04b50ad0
Event: 12.269 Thread 0x0000022e04088a50 Thread added: 0x0000022e04b51160
Event: 12.270 Thread 0x0000022e04088a50 Thread added: 0x0000022e04b517f0
Event: 16.757 Thread 0x0000022e04088a50 Thread added: 0x0000022e04b52510


Dynamic libraries:
0x00007ff75d900000 - 0x00007ff75d90e000 	C:\Users\dato\.jdks\dragonwell-21.0.9\bin\java.exe
0x00007fff43c40000 - 0x00007fff43ea7000 	C:\WINDOWS\SYSTEM32\ntdll.dll
0x00007fff42500000 - 0x00007fff425c9000 	C:\WINDOWS\System32\KERNEL32.DLL
0x00007fff40520000 - 0x00007fff40914000 	C:\WINDOWS\System32\KERNELBASE.dll
0x00007fff40b90000 - 0x00007fff40cdb000 	C:\WINDOWS\System32\ucrtbase.dll
0x00007fff3bc10000 - 0x00007fff3bc2b000 	C:\Users\dato\.jdks\dragonwell-21.0.9\bin\VCRUNTIME140.dll
0x00007fff3bbf0000 - 0x00007fff3bc08000 	C:\Users\dato\.jdks\dragonwell-21.0.9\bin\jli.dll
0x00007fff425d0000 - 0x00007fff42797000 	C:\WINDOWS\System32\USER32.dll
0x00007fff40e50000 - 0x00007fff40e77000 	C:\WINDOWS\System32\win32u.dll
0x00007fff28b40000 - 0x00007fff28dd3000 	C:\WINDOWS\WinSxS\amd64_microsoft.windows.common-controls_6595b64144ccf1df_6.0.26100.7877_none_3e0d2dcce3301ff8\COMCTL32.dll
0x00007fff42d30000 - 0x00007fff42d5b000 	C:\WINDOWS\System32\GDI32.dll
0x00007fff409d0000 - 0x00007fff40afa000 	C:\WINDOWS\System32\gdi32full.dll
0x00007fff42e80000 - 0x00007fff42f29000 	C:\WINDOWS\System32\msvcrt.dll
0x00007fff40920000 - 0x00007fff409c3000 	C:\WINDOWS\System32\msvcp_win.dll
0x00007fff42e40000 - 0x00007fff42e72000 	C:\WINDOWS\System32\IMM32.DLL
0x0000000077e50000 - 0x0000000077e5d000 	C:\Program Files (x86)\360\Total Security\safemon\SafeWrapper.dll
0x00007fff41dd0000 - 0x00007fff41e8b000 	C:\WINDOWS\System32\ADVAPI32.dll
0x00007fff41ff0000 - 0x00007fff42097000 	C:\WINDOWS\System32\sechost.dll
0x00007fff41c50000 - 0x00007fff41d68000 	C:\WINDOWS\System32\RPCRT4.dll
0x00007fff3b640000 - 0x00007fff3b745000 	C:\Program Files (x86)\360\Total Security\safemon\libzdtp64.dll
0x00007fff43070000 - 0x00007fff437d0000 	C:\WINDOWS\System32\SHELL32.dll
0x00007fff40e80000 - 0x00007fff40fea000 	C:\WINDOWS\System32\wintypes.dll
0x00007fff437e0000 - 0x00007fff43b62000 	C:\WINDOWS\System32\combase.dll
0x00007fff42d60000 - 0x00007fff42dc7000 	C:\WINDOWS\System32\SHLWAPI.dll
0x00007fff40ff0000 - 0x00007fff41854000 	C:\WINDOWS\System32\Windows.Storage.dll
0x00007fff40000000 - 0x00007fff4000b000 	C:\WINDOWS\SYSTEM32\VERSION.dll
0x00007fff3bb80000 - 0x00007fff3bb8c000 	C:\Users\dato\.jdks\dragonwell-21.0.9\bin\vcruntime140_1.dll
0x00007fff2a220000 - 0x00007fff2a2ae000 	C:\Users\dato\.jdks\dragonwell-21.0.9\bin\msvcp140.dll
0x00007ffe861f0000 - 0x00007ffe86f88000 	C:\Users\dato\.jdks\dragonwell-21.0.9\bin\server\jvm.dll
0x00007fff42ff0000 - 0x00007fff43064000 	C:\WINDOWS\System32\WS2_32.dll
0x00007fff40380000 - 0x00007fff403de000 	C:\WINDOWS\SYSTEM32\POWRPROF.dll
0x00007fff36240000 - 0x00007fff36275000 	C:\WINDOWS\SYSTEM32\WINMM.dll
0x00007fff40360000 - 0x00007fff40374000 	C:\WINDOWS\SYSTEM32\UMPDC.dll
0x00007fff3f1f0000 - 0x00007fff3f20b000 	C:\WINDOWS\SYSTEM32\kernel.appcore.dll
0x00007fff34100000 - 0x00007fff3410a000 	C:\Users\dato\.jdks\dragonwell-21.0.9\bin\jimage.dll
0x00007fff312b0000 - 0x00007fff314f2000 	C:\WINDOWS\SYSTEM32\DBGHELP.DLL
0x00007fff42130000 - 0x00007fff42207000 	C:\WINDOWS\System32\OLEAUT32.dll
0x00007fff306c0000 - 0x00007fff306fb000 	C:\WINDOWS\SYSTEM32\dbgcore.DLL
0x00007fff40da0000 - 0x00007fff40e45000 	C:\WINDOWS\System32\bcryptPrimitives.dll
0x00007fff2c1c0000 - 0x00007fff2c1cf000 	C:\Users\dato\.jdks\dragonwell-21.0.9\bin\instrument.dll
0x00007fff2bf00000 - 0x00007fff2bf1f000 	C:\Users\dato\.jdks\dragonwell-21.0.9\bin\java.dll
0x00007fff42400000 - 0x00007fff424f8000 	C:\WINDOWS\System32\SHCORE.dll
0x00007fff40440000 - 0x00007fff40469000 	C:\WINDOWS\SYSTEM32\profapi.dll
0x00007ffedba80000 - 0x00007ffedbb57000 	C:\Users\dato\.jdks\dragonwell-21.0.9\bin\jsvml.dll
0x00007fff2bee0000 - 0x00007fff2bef8000 	C:\Users\dato\.jdks\dragonwell-21.0.9\bin\zip.dll
0x00007fff2c1b0000 - 0x00007fff2c1c0000 	C:\Users\dato\.jdks\dragonwell-21.0.9\bin\net.dll
0x00007fff3a730000 - 0x00007fff3a857000 	C:\WINDOWS\SYSTEM32\WINHTTP.dll
0x00007fff3f740000 - 0x00007fff3f7ab000 	C:\WINDOWS\system32\mswsock.dll
0x00007fff28450000 - 0x00007fff28466000 	C:\Users\dato\.jdks\dragonwell-21.0.9\bin\nio.dll
0x00007fff2bd40000 - 0x00007fff2bd50000 	C:\Users\dato\.jdks\dragonwell-21.0.9\bin\verify.dll
0x00007fff3bbb0000 - 0x00007fff3bbd7000 	C:\Users\dato\.gradle\native\660c5614fbf4a5f2a75b1949f50a0caf5cd603558e7d8a26e50b933a0cfb79d1\windows-amd64\native-platform.dll
0x00007fff08f10000 - 0x00007fff08f87000 	C:\Users\dato\.gradle\native\0.2.8\x86_64-windows-gnu\gradle-fileevents.dll
0x00007fff2a210000 - 0x00007fff2a21a000 	C:\Users\dato\.jdks\dragonwell-21.0.9\bin\management.dll
0x00007fff299c0000 - 0x00007fff299cb000 	C:\Users\dato\.jdks\dragonwell-21.0.9\bin\management_ext.dll
0x00007fff41bc0000 - 0x00007fff41bc8000 	C:\WINDOWS\System32\PSAPI.DLL
0x00007fff3ec20000 - 0x00007fff3ec53000 	C:\WINDOWS\SYSTEM32\IPHLPAPI.DLL
0x00007fff42120000 - 0x00007fff4212a000 	C:\WINDOWS\System32\NSI.dll
0x00007fff29690000 - 0x00007fff29699000 	C:\Users\dato\.jdks\dragonwell-21.0.9\bin\extnet.dll
0x00007fff3fb40000 - 0x00007fff3fb5b000 	C:\WINDOWS\SYSTEM32\CRYPTSP.dll
0x00007fff3f150000 - 0x00007fff3f189000 	C:\WINDOWS\system32\rsaenh.dll
0x00007fff3f7f0000 - 0x00007fff3f822000 	C:\WINDOWS\SYSTEM32\USERENV.dll
0x00007fff40410000 - 0x00007fff4043a000 	C:\WINDOWS\SYSTEM32\bcrypt.dll
0x00007fff3f9a0000 - 0x00007fff3f9ac000 	C:\WINDOWS\SYSTEM32\CRYPTBASE.dll
0x00007fff28440000 - 0x00007fff2844e000 	C:\Users\dato\.jdks\dragonwell-21.0.9\bin\sunmscapi.dll
0x00007fff41860000 - 0x00007fff419d7000 	C:\WINDOWS\System32\CRYPT32.dll
0x00007fff3fca0000 - 0x00007fff3fcd0000 	C:\WINDOWS\SYSTEM32\ncrypt.dll
0x00007fff3fc50000 - 0x00007fff3fc8f000 	C:\WINDOWS\SYSTEM32\NTASN1.dll
0x00007fff2fd70000 - 0x00007fff2fd78000 	C:\WINDOWS\system32\wshunix.dll

JVMTI agents:
C:\Users\dato\.gradle\wrapper\dists\gradle-9.2.1-bin\2t0n5ozlw9xmuyvbp7dnzaxug\gradle-9.2.1\lib\agents\gradle-instrumentation-agent-9.2.1.jar path:C:\Users\dato\.jdks\dragonwell-21.0.9\bin\instrument.dll, loaded, initialized, instrumentlib options:none

dbghelp: loaded successfully - version: 4.0.5 - missing functions: none
symbol engine: initialized successfully - sym options: 0x614 - pdb path: .;C:\Users\dato\.jdks\dragonwell-21.0.9\bin;C:\WINDOWS\SYSTEM32;C:\WINDOWS\WinSxS\amd64_microsoft.windows.common-controls_6595b64144ccf1df_6.0.26100.7877_none_3e0d2dcce3301ff8;C:\Program Files (x86)\360\Total Security\safemon;C:\Users\dato\.jdks\dragonwell-21.0.9\bin\server;C:\Users\dato\.gradle\native\660c5614fbf4a5f2a75b1949f50a0caf5cd603558e7d8a26e50b933a0cfb79d1\windows-amd64;C:\Users\dato\.gradle\native\0.2.8\x86_64-windows-gnu

VM Arguments:
jvm_args: --add-opens=java.base/java.lang=ALL-UNNAMED --add-opens=java.base/java.lang.invoke=ALL-UNNAMED --add-opens=java.base/java.util=ALL-UNNAMED --add-opens=java.prefs/java.util.prefs=ALL-UNNAMED --add-exports=jdk.compiler/com.sun.tools.javac.api=ALL-UNNAMED --add-exports=jdk.compiler/com.sun.tools.javac.util=ALL-UNNAMED --add-opens=java.base/java.util=ALL-UNNAMED --add-opens=java.prefs/java.util.prefs=ALL-UNNAMED --add-opens=java.base/java.nio.charset=ALL-UNNAMED --add-opens=java.base/java.net=ALL-UNNAMED --add-opens=java.base/java.util.concurrent=ALL-UNNAMED --add-opens=java.base/java.util.concurrent.atomic=ALL-UNNAMED --add-opens=java.xml/javax.xml.namespace=ALL-UNNAMED --add-opens=java.base/java.time=ALL-UNNAMED -Xmx2048m -Dfile.encoding=UTF-8 -Duser.country=US -Duser.language=en -Duser.variant -javaagent:C:\Users\dato\.gradle\wrapper\dists\gradle-9.2.1-bin\2t0n5ozlw9xmuyvbp7dnzaxug\gradle-9.2.1\lib\agents\gradle-instrumentation-agent-9.2.1.jar 
java_command: org.gradle.launcher.daemon.bootstrap.GradleDaemon 9.2.1
java_class_path (initial): C:\Users\dato\.gradle\wrapper\dists\gradle-9.2.1-bin\2t0n5ozlw9xmuyvbp7dnzaxug\gradle-9.2.1\lib\gradle-daemon-main-9.2.1.jar
Launcher Type: SUN_STANDARD

[Global flags]
     intx CICompilerCount                          = 4                                         {product} {ergonomic}
     uint ConcGCThreads                            = 2                                         {product} {ergonomic}
     uint G1ConcRefinementThreads                  = 8                                         {product} {ergonomic}
   size_t G1HeapRegionSize                         = 1048576                                   {product} {ergonomic}
    uintx GCDrainStackTargetSize                   = 64                                        {product} {ergonomic}
   size_t InitialHeapSize                          = 98566144                                  {product} {ergonomic}
   size_t MarkStackSize                            = 4194304                                   {product} {ergonomic}
   size_t MaxHeapSize                              = 2147483648                                {product} {command line}
   size_t MaxNewSize                               = 1287651328                                {product} {ergonomic}
   size_t MinHeapDeltaBytes                        = 1048576                                   {product} {ergonomic}
   size_t MinHeapSize                              = 8388608                                   {product} {ergonomic}
    uintx NonNMethodCodeHeapSize                   = 5839372                                {pd product} {ergonomic}
    uintx NonProfiledCodeHeapSize                  = 122909434                              {pd product} {ergonomic}
    uintx ProfiledCodeHeapSize                     = 122909434                              {pd product} {ergonomic}
    uintx ReservedCodeCacheSize                    = 251658240                              {pd product} {ergonomic}
     bool SegmentedCodeCache                       = true                                      {product} {ergonomic}
   size_t SoftMaxHeapSize                          = 2147483648                             {manageable} {ergonomic}
     bool UseCompressedOops                        = true                           {product lp64_product} {ergonomic}
     bool UseG1GC                                  = true                                      {product} {ergonomic}
     bool UseLargePagesIndividualAllocation        = false                                  {pd product} {ergonomic}

Logging:
Log output configuration:
 #0: stdout all=warning uptime,level,tags foldmultilines=false
 #1: stderr all=off uptime,level,tags foldmultilines=false

Release file:
IMPLEMENTOR="Alibaba" 
IMPLEMENTOR_VERSION="(Alibaba Dragonwell Standard Edition)-21.0.9.0.9+10-GA" 
JAVA_RUNTIME_VERSION="21.0.9.0.9" 
JAVA_VERSION="21.0.9.0.9" 
JAVA_VERSION_DATE="2025-10-21" 
LIBC="default" 
MODULES="java.base java.compiler java.datatransfer java.xml java.prefs java.desktop java.instrument java.logging java.management java.security.sasl java.naming java.rmi java.management.rmi java.net.http java.scripting java.security.jgss java.transaction.xa java.sql java.sql.rowset java.xml.crypto java.se java.smartcardio jdk.accessibility jdk.internal.jvmstat jdk.attach jdk.charsets jdk.internal.opt jdk.zipfs jdk.compiler jdk.crypto.ec jdk.crypto.cryptoki jdk.crypto.mscapi jdk.dynalink jdk.internal.ed jdk.editpad jdk.hotspot.agent jdk.httpserver jdk.incubator.vector jdk.internal.le jdk.internal.vm.ci jdk.internal.vm.compiler jdk.internal.vm.compiler.management jdk.jartool jdk.javadoc jdk.jcmd jdk.management jdk.management.agent jdk.jconsole jdk.jdeps jdk.jdwp.agent jdk.jdi jdk.jfr jdk.jlink jdk.jpackage jdk.jshell jdk.jsobject jdk.jstatd jdk.localedata jdk.management.jfr jdk.naming.dns jdk.naming.rmi jdk.net jdk.nio.mapmode jdk.random jdk.sctp jdk.security.auth jdk.security.jgss jdk.unsupported jdk.unsupported.desktop jdk.xml.dom" 
OS_ARCH="x86_64" 
OS_NAME="Windows" 
SOURCE=".:git:54676a3a5d49+ googletest:git:f8d7d77c0693" 
BUILD_SOURCE="git:61a6db0686135fae9a0cf9367926349c386fdd2d"
BUILD_SOURCE_REPO="https://github.com/dragonwell-releng/openjdk-build.git"
SOURCE_REPO="https://github.com/dragonwell-project/dragonwell21.git"
FULL_VERSION="21.0.9.0.9"
SEMANTIC_VERSION="21.0.9.0.9+10"
BUILD_INFO="OS: Windows Server 2022 Version: 10.0"
JVM_VARIANT="Dragonwell"
JVM_VERSION="21.0.9.0.9"
IMAGE_TYPE="JDK"

Environment Variables:
PATH=C:\Program Files\GitHub CLI;C:\Program Files (x86)\Common Files\Oracle\Java\java8path;C:\Program Files (x86)\Common Files\Oracle\Java\javapath;C:\WINDOWS\system32;C:\WINDOWS;C:\WINDOWS\System32\Wbem;C:\WINDOWS\System32\WindowsPowerShell\v1.0\;C:\WINDOWS\System32\OpenSSH\;C:\Program Files\dotnet\;C:\Users\dato\AppData\Local\nvm;C:\Program Files\nodejs;C:\Program Files\Microsoft SQL Server\170\Tools\Binn\;C:\Program Files\Microsoft SQL Server\Client SDK\ODBC\170\Tools\Binn\;C:\Program Files\Git\cmd;C:\Program Files (x86)\Windows Kits\10\Windows Performance Toolkit\;C:\Program Files\WorldPainter;C:\Program Files\nodejs\;C:\Program Files\Docker\Docker\resources\bin;C:\Users\dato\AppData\Local\Programs\Python\Python311\Scripts\;C:\Users\dato\AppData\Local\Programs\Python\Python311\;C:\Users\dato\AppData\Local\Microsoft\WindowsApps;C:\Users\dato\AppData\Local\TunnelAPI;C:\Users\dato\AppData\Local\nvm;C:\Users\dato\.dotnet\tools;C:\Users\dato\AppData\Local\Microsoft\WindowsApps;C:\Users\dato\AppData\Local\Microsoft\;C:\Users\dato\AppData\Local\Programs\Python\Python311\Scripts\;C:\Users\dato\AppData\Local\Programs\Python\Python311\;C:\Users\dato\AppData\Local\Microsoft\WindowsApps;C:\Users\dato\AppData\Local\TunnelAPI;C:\Users\dato\AppData\Local\nvm;C:\Program Files\nodejs;C:\Users\dato\.dotnet\tools;C:\Users\dato\AppData\Local\Microsoft\WindowsApps;C:\Users\dato\AppData\Local\Microsoft\WinGet\Links;C:\Users\dato\AppData\Local\GitHubDesktop\bin;C:\Users\dato\.lmstudio\bin;C:\Users\dato\AppData\Roaming\npm;C:\Users\dato\.dotnet\tools
USERNAME=dato
OS=Windows_NT
PROCESSOR_IDENTIFIER=AMD64 Family 23 Model 160 Stepping 0, AuthenticAMD
TMP=C:\Users\dato\AppData\Local\Temp
TEMP=C:\Users\dato\AppData\Local\Temp




Periodic native trim disabled

---------------  S Y S T E M  ---------------

OS:
 Windows 11 , 64 bit Build 26100 (10.0.26100.7877)
OS uptime: 0 days 4:22 hours
Hyper-V role detected

CPU: total 8 (initial active 8) (8 cores per cpu, 2 threads per core) family 23 model 160 stepping 0 microcode 0x8a0000a, cx8, cmov, fxsr, ht, mmx, 3dnowpref, sse, sse2, sse3, ssse3, sse4a, sse4.1, sse4.2, popcnt, lzcnt, tsc, tscinvbit, avx, avx2, aes, clmul, bmi1, bmi2, adx, sha, fma, vzeroupper, clflush, clflushopt, hv, rdtscp, rdpid, f16c
Processor Information for the first 8 processors :
  Max Mhz: 2401, Current Mhz: 2401, Mhz Limit: 2401

Memory: 4k page, system-wide physical 5965M (308M free)
TotalPageFile size 24397M (AvailPageFile size 8M)
current process WorkingSet (physical memory assigned to process): 287M, peak: 287M
current process commit charge ("private bytes"): 355M, peak: 355M

vm_info: OpenJDK 64-Bit Server VM (21.0.9.0.9) for windows-amd64 JRE (21.0.9.0.9), built on 2025-10-21T00:00:00Z by "dragonwell" with MS VC++ 17.7 (VS2022)

END.
